ARM GAS  C:\Users\BIOMIM~1\AppData\Local\Temp\ccoicBFa.s 			page 1


   1              		.syntax unified
   2              		.cpu cortex-m3
   3              		.fpu softvfp
   4              		.eabi_attribute 20, 1
   5              		.eabi_attribute 21, 1
   6              		.eabi_attribute 23, 3
   7              		.eabi_attribute 24, 1
   8              		.eabi_attribute 25, 1
   9              		.eabi_attribute 26, 1
  10              		.eabi_attribute 30, 6
  11              		.eabi_attribute 34, 1
  12              		.eabi_attribute 18, 4
  13              		.thumb
  14              		.file	"Counter_4_PM.c"
  15              		.text
  16              	.Ltext0:
  17              		.cfi_sections	.debug_frame
  18              		.bss
  19              		.align	2
  20              	Counter_4_backup:
  21 0000 00000000 		.space	6
  21      0000
  22 0006 0000     		.section	.text.Counter_4_SaveConfig,"ax",%progbits
  23              		.align	2
  24              		.global	Counter_4_SaveConfig
  25              		.thumb
  26              		.thumb_func
  27              		.type	Counter_4_SaveConfig, %function
  28              	Counter_4_SaveConfig:
  29              	.LFB0:
  30              		.file 1 ".\\Generated_Source\\PSoC5\\Counter_4_PM.c"
   1:.\Generated_Source\PSoC5/Counter_4_PM.c **** /*******************************************************************************
   2:.\Generated_Source\PSoC5/Counter_4_PM.c **** * File Name: Counter_4_PM.c  
   3:.\Generated_Source\PSoC5/Counter_4_PM.c **** * Version 2.40
   4:.\Generated_Source\PSoC5/Counter_4_PM.c **** *
   5:.\Generated_Source\PSoC5/Counter_4_PM.c **** *  Description:
   6:.\Generated_Source\PSoC5/Counter_4_PM.c **** *    This file provides the power management source code to API for the
   7:.\Generated_Source\PSoC5/Counter_4_PM.c **** *    Counter.  
   8:.\Generated_Source\PSoC5/Counter_4_PM.c **** *
   9:.\Generated_Source\PSoC5/Counter_4_PM.c **** *   Note:
  10:.\Generated_Source\PSoC5/Counter_4_PM.c **** *     None
  11:.\Generated_Source\PSoC5/Counter_4_PM.c **** *
  12:.\Generated_Source\PSoC5/Counter_4_PM.c **** *******************************************************************************
  13:.\Generated_Source\PSoC5/Counter_4_PM.c **** * Copyright 2008-2012, Cypress Semiconductor Corporation.  All rights reserved.
  14:.\Generated_Source\PSoC5/Counter_4_PM.c **** * You may use this file only in accordance with the license, terms, conditions, 
  15:.\Generated_Source\PSoC5/Counter_4_PM.c **** * disclaimers, and limitations in the end user license agreement accompanying 
  16:.\Generated_Source\PSoC5/Counter_4_PM.c **** * the software package with which this file was provided.
  17:.\Generated_Source\PSoC5/Counter_4_PM.c **** ********************************************************************************/
  18:.\Generated_Source\PSoC5/Counter_4_PM.c **** 
  19:.\Generated_Source\PSoC5/Counter_4_PM.c **** #include "Counter_4.h"
  20:.\Generated_Source\PSoC5/Counter_4_PM.c **** 
  21:.\Generated_Source\PSoC5/Counter_4_PM.c **** static Counter_4_backupStruct Counter_4_backup;
  22:.\Generated_Source\PSoC5/Counter_4_PM.c **** 
  23:.\Generated_Source\PSoC5/Counter_4_PM.c **** 
  24:.\Generated_Source\PSoC5/Counter_4_PM.c **** /*******************************************************************************
  25:.\Generated_Source\PSoC5/Counter_4_PM.c **** * Function Name: Counter_4_SaveConfig
  26:.\Generated_Source\PSoC5/Counter_4_PM.c **** ********************************************************************************
ARM GAS  C:\Users\BIOMIM~1\AppData\Local\Temp\ccoicBFa.s 			page 2


  27:.\Generated_Source\PSoC5/Counter_4_PM.c **** * Summary:
  28:.\Generated_Source\PSoC5/Counter_4_PM.c **** *     Save the current user configuration
  29:.\Generated_Source\PSoC5/Counter_4_PM.c **** *
  30:.\Generated_Source\PSoC5/Counter_4_PM.c **** * Parameters:  
  31:.\Generated_Source\PSoC5/Counter_4_PM.c **** *  void
  32:.\Generated_Source\PSoC5/Counter_4_PM.c **** *
  33:.\Generated_Source\PSoC5/Counter_4_PM.c **** * Return: 
  34:.\Generated_Source\PSoC5/Counter_4_PM.c **** *  void
  35:.\Generated_Source\PSoC5/Counter_4_PM.c **** *
  36:.\Generated_Source\PSoC5/Counter_4_PM.c **** * Global variables:
  37:.\Generated_Source\PSoC5/Counter_4_PM.c **** *  Counter_4_backup:  Variables of this global structure are modified to 
  38:.\Generated_Source\PSoC5/Counter_4_PM.c **** *  store the values of non retention configuration registers when Sleep() API is 
  39:.\Generated_Source\PSoC5/Counter_4_PM.c **** *  called.
  40:.\Generated_Source\PSoC5/Counter_4_PM.c **** *
  41:.\Generated_Source\PSoC5/Counter_4_PM.c **** *******************************************************************************/
  42:.\Generated_Source\PSoC5/Counter_4_PM.c **** void Counter_4_SaveConfig(void) 
  43:.\Generated_Source\PSoC5/Counter_4_PM.c **** {
  31              		.loc 1 43 0
  32              		.cfi_startproc
  33              		@ args = 0, pretend = 0, frame = 0
  34              		@ frame_needed = 1, uses_anonymous_args = 0
  35 0000 80B5     		push	{r7, lr}
  36              	.LCFI0:
  37              		.cfi_def_cfa_offset 8
  38              		.cfi_offset 7, -8
  39              		.cfi_offset 14, -4
  40 0002 00AF     		add	r7, sp, #0
  41              	.LCFI1:
  42              		.cfi_def_cfa_register 7
  44:.\Generated_Source\PSoC5/Counter_4_PM.c ****     #if (!Counter_4_UsingFixedFunction)
  45:.\Generated_Source\PSoC5/Counter_4_PM.c **** 
  46:.\Generated_Source\PSoC5/Counter_4_PM.c ****         Counter_4_backup.CounterUdb = Counter_4_ReadCounter();
  43              		.loc 1 46 0
  44 0004 FFF7FEFF 		bl	Counter_4_ReadCounter
  45 0008 0346     		mov	r3, r0
  46 000a 1A46     		mov	r2, r3
  47 000c 40F20003 		movw	r3, #:lower16:Counter_4_backup
  48 0010 C0F20003 		movt	r3, #:upper16:Counter_4_backup
  49 0014 5A80     		strh	r2, [r3, #2]	@ movhi
  47:.\Generated_Source\PSoC5/Counter_4_PM.c **** 
  48:.\Generated_Source\PSoC5/Counter_4_PM.c ****         #if (CY_UDB_V0)
  49:.\Generated_Source\PSoC5/Counter_4_PM.c ****             Counter_4_backup.CounterPeriod = Counter_4_ReadPeriod();
  50:.\Generated_Source\PSoC5/Counter_4_PM.c ****             Counter_4_backup.CompareValue = Counter_4_ReadCompare();
  51:.\Generated_Source\PSoC5/Counter_4_PM.c ****             Counter_4_backup.InterruptMaskValue = Counter_4_STATUS_MASK;
  52:.\Generated_Source\PSoC5/Counter_4_PM.c ****         #endif /* CY_UDB_V0 */
  53:.\Generated_Source\PSoC5/Counter_4_PM.c **** 
  54:.\Generated_Source\PSoC5/Counter_4_PM.c ****         #if(!Counter_4_ControlRegRemoved)
  55:.\Generated_Source\PSoC5/Counter_4_PM.c ****             Counter_4_backup.CounterControlRegister = Counter_4_ReadControlRegister();
  50              		.loc 1 55 0
  51 0016 FFF7FEFF 		bl	Counter_4_ReadControlRegister
  52 001a 0346     		mov	r3, r0
  53 001c 1A46     		mov	r2, r3
  54 001e 40F20003 		movw	r3, #:lower16:Counter_4_backup
  55 0022 C0F20003 		movt	r3, #:upper16:Counter_4_backup
  56 0026 1A71     		strb	r2, [r3, #4]
  56:.\Generated_Source\PSoC5/Counter_4_PM.c ****         #endif /* (!Counter_4_ControlRegRemoved) */
  57:.\Generated_Source\PSoC5/Counter_4_PM.c **** 
ARM GAS  C:\Users\BIOMIM~1\AppData\Local\Temp\ccoicBFa.s 			page 3


  58:.\Generated_Source\PSoC5/Counter_4_PM.c ****     #endif /* (!Counter_4_UsingFixedFunction) */
  59:.\Generated_Source\PSoC5/Counter_4_PM.c **** }
  57              		.loc 1 59 0
  58 0028 80BD     		pop	{r7, pc}
  59              		.cfi_endproc
  60              	.LFE0:
  61              		.size	Counter_4_SaveConfig, .-Counter_4_SaveConfig
  62 002a 00BF     		.section	.text.Counter_4_RestoreConfig,"ax",%progbits
  63              		.align	2
  64              		.global	Counter_4_RestoreConfig
  65              		.thumb
  66              		.thumb_func
  67              		.type	Counter_4_RestoreConfig, %function
  68              	Counter_4_RestoreConfig:
  69              	.LFB1:
  60:.\Generated_Source\PSoC5/Counter_4_PM.c **** 
  61:.\Generated_Source\PSoC5/Counter_4_PM.c **** 
  62:.\Generated_Source\PSoC5/Counter_4_PM.c **** /*******************************************************************************
  63:.\Generated_Source\PSoC5/Counter_4_PM.c **** * Function Name: Counter_4_RestoreConfig
  64:.\Generated_Source\PSoC5/Counter_4_PM.c **** ********************************************************************************
  65:.\Generated_Source\PSoC5/Counter_4_PM.c **** *
  66:.\Generated_Source\PSoC5/Counter_4_PM.c **** * Summary:
  67:.\Generated_Source\PSoC5/Counter_4_PM.c **** *  Restores the current user configuration.
  68:.\Generated_Source\PSoC5/Counter_4_PM.c **** *
  69:.\Generated_Source\PSoC5/Counter_4_PM.c **** * Parameters:  
  70:.\Generated_Source\PSoC5/Counter_4_PM.c **** *  void
  71:.\Generated_Source\PSoC5/Counter_4_PM.c **** *
  72:.\Generated_Source\PSoC5/Counter_4_PM.c **** * Return: 
  73:.\Generated_Source\PSoC5/Counter_4_PM.c **** *  void
  74:.\Generated_Source\PSoC5/Counter_4_PM.c **** *
  75:.\Generated_Source\PSoC5/Counter_4_PM.c **** * Global variables:
  76:.\Generated_Source\PSoC5/Counter_4_PM.c **** *  Counter_4_backup:  Variables of this global structure are used to 
  77:.\Generated_Source\PSoC5/Counter_4_PM.c **** *  restore the values of non retention registers on wakeup from sleep mode.
  78:.\Generated_Source\PSoC5/Counter_4_PM.c **** *
  79:.\Generated_Source\PSoC5/Counter_4_PM.c **** *******************************************************************************/
  80:.\Generated_Source\PSoC5/Counter_4_PM.c **** void Counter_4_RestoreConfig(void) 
  81:.\Generated_Source\PSoC5/Counter_4_PM.c **** {      
  70              		.loc 1 81 0
  71              		.cfi_startproc
  72              		@ args = 0, pretend = 0, frame = 0
  73              		@ frame_needed = 1, uses_anonymous_args = 0
  74 0000 80B5     		push	{r7, lr}
  75              	.LCFI2:
  76              		.cfi_def_cfa_offset 8
  77              		.cfi_offset 7, -8
  78              		.cfi_offset 14, -4
  79 0002 00AF     		add	r7, sp, #0
  80              	.LCFI3:
  81              		.cfi_def_cfa_register 7
  82:.\Generated_Source\PSoC5/Counter_4_PM.c ****     #if (!Counter_4_UsingFixedFunction)
  83:.\Generated_Source\PSoC5/Counter_4_PM.c **** 
  84:.\Generated_Source\PSoC5/Counter_4_PM.c ****         #if (CY_UDB_V0)
  85:.\Generated_Source\PSoC5/Counter_4_PM.c ****             uint8 Counter_4_interruptState;
  86:.\Generated_Source\PSoC5/Counter_4_PM.c ****         #endif  /* (CY_UDB_V0) */
  87:.\Generated_Source\PSoC5/Counter_4_PM.c **** 
  88:.\Generated_Source\PSoC5/Counter_4_PM.c ****        Counter_4_WriteCounter(Counter_4_backup.CounterUdb);
  82              		.loc 1 88 0
ARM GAS  C:\Users\BIOMIM~1\AppData\Local\Temp\ccoicBFa.s 			page 4


  83 0004 40F20003 		movw	r3, #:lower16:Counter_4_backup
  84 0008 C0F20003 		movt	r3, #:upper16:Counter_4_backup
  85 000c 5B88     		ldrh	r3, [r3, #2]
  86 000e 1846     		mov	r0, r3
  87 0010 FFF7FEFF 		bl	Counter_4_WriteCounter
  89:.\Generated_Source\PSoC5/Counter_4_PM.c **** 
  90:.\Generated_Source\PSoC5/Counter_4_PM.c ****         #if (CY_UDB_V0)
  91:.\Generated_Source\PSoC5/Counter_4_PM.c ****             Counter_4_WritePeriod(Counter_4_backup.CounterPeriod);
  92:.\Generated_Source\PSoC5/Counter_4_PM.c ****             Counter_4_WriteCompare(Counter_4_backup.CompareValue);
  93:.\Generated_Source\PSoC5/Counter_4_PM.c **** 
  94:.\Generated_Source\PSoC5/Counter_4_PM.c ****             Counter_4_interruptState = CyEnterCriticalSection();
  95:.\Generated_Source\PSoC5/Counter_4_PM.c ****             Counter_4_STATUS_AUX_CTRL |= Counter_4_STATUS_ACTL_INT_EN_MASK;
  96:.\Generated_Source\PSoC5/Counter_4_PM.c ****             CyExitCriticalSection(Counter_4_interruptState);
  97:.\Generated_Source\PSoC5/Counter_4_PM.c **** 
  98:.\Generated_Source\PSoC5/Counter_4_PM.c ****             Counter_4_STATUS_MASK = Counter_4_backup.InterruptMaskValue;
  99:.\Generated_Source\PSoC5/Counter_4_PM.c ****         #endif  /* (CY_UDB_V0) */
 100:.\Generated_Source\PSoC5/Counter_4_PM.c **** 
 101:.\Generated_Source\PSoC5/Counter_4_PM.c ****         #if(!Counter_4_ControlRegRemoved)
 102:.\Generated_Source\PSoC5/Counter_4_PM.c ****             Counter_4_WriteControlRegister(Counter_4_backup.CounterControlRegister);
  88              		.loc 1 102 0
  89 0014 40F20003 		movw	r3, #:lower16:Counter_4_backup
  90 0018 C0F20003 		movt	r3, #:upper16:Counter_4_backup
  91 001c 1B79     		ldrb	r3, [r3, #4]	@ zero_extendqisi2
  92 001e 1846     		mov	r0, r3
  93 0020 FFF7FEFF 		bl	Counter_4_WriteControlRegister
 103:.\Generated_Source\PSoC5/Counter_4_PM.c ****         #endif /* (!Counter_4_ControlRegRemoved) */
 104:.\Generated_Source\PSoC5/Counter_4_PM.c **** 
 105:.\Generated_Source\PSoC5/Counter_4_PM.c ****     #endif /* (!Counter_4_UsingFixedFunction) */
 106:.\Generated_Source\PSoC5/Counter_4_PM.c **** }
  94              		.loc 1 106 0
  95 0024 80BD     		pop	{r7, pc}
  96              		.cfi_endproc
  97              	.LFE1:
  98              		.size	Counter_4_RestoreConfig, .-Counter_4_RestoreConfig
  99 0026 00BF     		.section	.text.Counter_4_Sleep,"ax",%progbits
 100              		.align	2
 101              		.global	Counter_4_Sleep
 102              		.thumb
 103              		.thumb_func
 104              		.type	Counter_4_Sleep, %function
 105              	Counter_4_Sleep:
 106              	.LFB2:
 107:.\Generated_Source\PSoC5/Counter_4_PM.c **** 
 108:.\Generated_Source\PSoC5/Counter_4_PM.c **** 
 109:.\Generated_Source\PSoC5/Counter_4_PM.c **** /*******************************************************************************
 110:.\Generated_Source\PSoC5/Counter_4_PM.c **** * Function Name: Counter_4_Sleep
 111:.\Generated_Source\PSoC5/Counter_4_PM.c **** ********************************************************************************
 112:.\Generated_Source\PSoC5/Counter_4_PM.c **** * Summary:
 113:.\Generated_Source\PSoC5/Counter_4_PM.c **** *     Stop and Save the user configuration
 114:.\Generated_Source\PSoC5/Counter_4_PM.c **** *
 115:.\Generated_Source\PSoC5/Counter_4_PM.c **** * Parameters:  
 116:.\Generated_Source\PSoC5/Counter_4_PM.c **** *  void
 117:.\Generated_Source\PSoC5/Counter_4_PM.c **** *
 118:.\Generated_Source\PSoC5/Counter_4_PM.c **** * Return: 
 119:.\Generated_Source\PSoC5/Counter_4_PM.c **** *  void
 120:.\Generated_Source\PSoC5/Counter_4_PM.c **** *
 121:.\Generated_Source\PSoC5/Counter_4_PM.c **** * Global variables:
ARM GAS  C:\Users\BIOMIM~1\AppData\Local\Temp\ccoicBFa.s 			page 5


 122:.\Generated_Source\PSoC5/Counter_4_PM.c **** *  Counter_4_backup.enableState:  Is modified depending on the enable 
 123:.\Generated_Source\PSoC5/Counter_4_PM.c **** *  state of the block before entering sleep mode.
 124:.\Generated_Source\PSoC5/Counter_4_PM.c **** *
 125:.\Generated_Source\PSoC5/Counter_4_PM.c **** *******************************************************************************/
 126:.\Generated_Source\PSoC5/Counter_4_PM.c **** void Counter_4_Sleep(void) 
 127:.\Generated_Source\PSoC5/Counter_4_PM.c **** {
 107              		.loc 1 127 0
 108              		.cfi_startproc
 109              		@ args = 0, pretend = 0, frame = 0
 110              		@ frame_needed = 1, uses_anonymous_args = 0
 111 0000 80B5     		push	{r7, lr}
 112              	.LCFI4:
 113              		.cfi_def_cfa_offset 8
 114              		.cfi_offset 7, -8
 115              		.cfi_offset 14, -4
 116 0002 00AF     		add	r7, sp, #0
 117              	.LCFI5:
 118              		.cfi_def_cfa_register 7
 128:.\Generated_Source\PSoC5/Counter_4_PM.c ****     #if(!Counter_4_ControlRegRemoved)
 129:.\Generated_Source\PSoC5/Counter_4_PM.c ****         /* Save Counter's enable state */
 130:.\Generated_Source\PSoC5/Counter_4_PM.c ****         if(Counter_4_CTRL_ENABLE == (Counter_4_CONTROL & Counter_4_CTRL_ENABLE))
 119              		.loc 1 130 0
 120 0004 46F27553 		movw	r3, #25973
 121 0008 C4F20003 		movt	r3, 16384
 122 000c 1B78     		ldrb	r3, [r3, #0]
 123 000e DBB2     		uxtb	r3, r3
 124 0010 DBB2     		uxtb	r3, r3
 125 0012 5BB2     		sxtb	r3, r3
 126 0014 002B     		cmp	r3, #0
 127 0016 07DA     		bge	.L4
 131:.\Generated_Source\PSoC5/Counter_4_PM.c ****         {
 132:.\Generated_Source\PSoC5/Counter_4_PM.c ****             /* Counter is enabled */
 133:.\Generated_Source\PSoC5/Counter_4_PM.c ****             Counter_4_backup.CounterEnableState = 1u;
 128              		.loc 1 133 0
 129 0018 40F20003 		movw	r3, #:lower16:Counter_4_backup
 130 001c C0F20003 		movt	r3, #:upper16:Counter_4_backup
 131 0020 4FF00102 		mov	r2, #1
 132 0024 1A70     		strb	r2, [r3, #0]
 133 0026 06E0     		b	.L5
 134              	.L4:
 134:.\Generated_Source\PSoC5/Counter_4_PM.c ****         }
 135:.\Generated_Source\PSoC5/Counter_4_PM.c ****         else
 136:.\Generated_Source\PSoC5/Counter_4_PM.c ****         {
 137:.\Generated_Source\PSoC5/Counter_4_PM.c ****             /* Counter is disabled */
 138:.\Generated_Source\PSoC5/Counter_4_PM.c ****             Counter_4_backup.CounterEnableState = 0u;
 135              		.loc 1 138 0
 136 0028 40F20003 		movw	r3, #:lower16:Counter_4_backup
 137 002c C0F20003 		movt	r3, #:upper16:Counter_4_backup
 138 0030 4FF00002 		mov	r2, #0
 139 0034 1A70     		strb	r2, [r3, #0]
 140              	.L5:
 139:.\Generated_Source\PSoC5/Counter_4_PM.c ****         }
 140:.\Generated_Source\PSoC5/Counter_4_PM.c ****     #else
 141:.\Generated_Source\PSoC5/Counter_4_PM.c ****         Counter_4_backup.CounterEnableState = 1u;
 142:.\Generated_Source\PSoC5/Counter_4_PM.c ****         if(Counter_4_backup.CounterEnableState != 0u)
 143:.\Generated_Source\PSoC5/Counter_4_PM.c ****         {
 144:.\Generated_Source\PSoC5/Counter_4_PM.c ****             Counter_4_backup.CounterEnableState = 0u;
ARM GAS  C:\Users\BIOMIM~1\AppData\Local\Temp\ccoicBFa.s 			page 6


 145:.\Generated_Source\PSoC5/Counter_4_PM.c ****         }
 146:.\Generated_Source\PSoC5/Counter_4_PM.c ****     #endif /* (!Counter_4_ControlRegRemoved) */
 147:.\Generated_Source\PSoC5/Counter_4_PM.c ****     
 148:.\Generated_Source\PSoC5/Counter_4_PM.c ****     Counter_4_Stop();
 141              		.loc 1 148 0
 142 0036 FFF7FEFF 		bl	Counter_4_Stop
 149:.\Generated_Source\PSoC5/Counter_4_PM.c ****     Counter_4_SaveConfig();
 143              		.loc 1 149 0
 144 003a FFF7FEFF 		bl	Counter_4_SaveConfig
 150:.\Generated_Source\PSoC5/Counter_4_PM.c **** }
 145              		.loc 1 150 0
 146 003e 80BD     		pop	{r7, pc}
 147              		.cfi_endproc
 148              	.LFE2:
 149              		.size	Counter_4_Sleep, .-Counter_4_Sleep
 150              		.section	.text.Counter_4_Wakeup,"ax",%progbits
 151              		.align	2
 152              		.global	Counter_4_Wakeup
 153              		.thumb
 154              		.thumb_func
 155              		.type	Counter_4_Wakeup, %function
 156              	Counter_4_Wakeup:
 157              	.LFB3:
 151:.\Generated_Source\PSoC5/Counter_4_PM.c **** 
 152:.\Generated_Source\PSoC5/Counter_4_PM.c **** 
 153:.\Generated_Source\PSoC5/Counter_4_PM.c **** /*******************************************************************************
 154:.\Generated_Source\PSoC5/Counter_4_PM.c **** * Function Name: Counter_4_Wakeup
 155:.\Generated_Source\PSoC5/Counter_4_PM.c **** ********************************************************************************
 156:.\Generated_Source\PSoC5/Counter_4_PM.c **** *
 157:.\Generated_Source\PSoC5/Counter_4_PM.c **** * Summary:
 158:.\Generated_Source\PSoC5/Counter_4_PM.c **** *  Restores and enables the user configuration
 159:.\Generated_Source\PSoC5/Counter_4_PM.c **** *  
 160:.\Generated_Source\PSoC5/Counter_4_PM.c **** * Parameters:  
 161:.\Generated_Source\PSoC5/Counter_4_PM.c **** *  void
 162:.\Generated_Source\PSoC5/Counter_4_PM.c **** *
 163:.\Generated_Source\PSoC5/Counter_4_PM.c **** * Return: 
 164:.\Generated_Source\PSoC5/Counter_4_PM.c **** *  void
 165:.\Generated_Source\PSoC5/Counter_4_PM.c **** *
 166:.\Generated_Source\PSoC5/Counter_4_PM.c **** * Global variables:
 167:.\Generated_Source\PSoC5/Counter_4_PM.c **** *  Counter_4_backup.enableState:  Is used to restore the enable state of 
 168:.\Generated_Source\PSoC5/Counter_4_PM.c **** *  block on wakeup from sleep mode.
 169:.\Generated_Source\PSoC5/Counter_4_PM.c **** *
 170:.\Generated_Source\PSoC5/Counter_4_PM.c **** *******************************************************************************/
 171:.\Generated_Source\PSoC5/Counter_4_PM.c **** void Counter_4_Wakeup(void) 
 172:.\Generated_Source\PSoC5/Counter_4_PM.c **** {
 158              		.loc 1 172 0
 159              		.cfi_startproc
 160              		@ args = 0, pretend = 0, frame = 0
 161              		@ frame_needed = 1, uses_anonymous_args = 0
 162 0000 80B5     		push	{r7, lr}
 163              	.LCFI6:
 164              		.cfi_def_cfa_offset 8
 165              		.cfi_offset 7, -8
 166              		.cfi_offset 14, -4
 167 0002 00AF     		add	r7, sp, #0
 168              	.LCFI7:
 169              		.cfi_def_cfa_register 7
ARM GAS  C:\Users\BIOMIM~1\AppData\Local\Temp\ccoicBFa.s 			page 7


 173:.\Generated_Source\PSoC5/Counter_4_PM.c ****     Counter_4_RestoreConfig();
 170              		.loc 1 173 0
 171 0004 FFF7FEFF 		bl	Counter_4_RestoreConfig
 174:.\Generated_Source\PSoC5/Counter_4_PM.c ****     #if(!Counter_4_ControlRegRemoved)
 175:.\Generated_Source\PSoC5/Counter_4_PM.c ****         if(Counter_4_backup.CounterEnableState == 1u)
 172              		.loc 1 175 0
 173 0008 40F20003 		movw	r3, #:lower16:Counter_4_backup
 174 000c C0F20003 		movt	r3, #:upper16:Counter_4_backup
 175 0010 1B78     		ldrb	r3, [r3, #0]	@ zero_extendqisi2
 176 0012 012B     		cmp	r3, #1
 177 0014 01D1     		bne	.L6
 176:.\Generated_Source\PSoC5/Counter_4_PM.c ****         {
 177:.\Generated_Source\PSoC5/Counter_4_PM.c ****             /* Enable Counter's operation */
 178:.\Generated_Source\PSoC5/Counter_4_PM.c ****             Counter_4_Enable();
 178              		.loc 1 178 0
 179 0016 FFF7FEFF 		bl	Counter_4_Enable
 180              	.L6:
 179:.\Generated_Source\PSoC5/Counter_4_PM.c ****         } /* Do nothing if Counter was disabled before */    
 180:.\Generated_Source\PSoC5/Counter_4_PM.c ****     #endif /* (!Counter_4_ControlRegRemoved) */
 181:.\Generated_Source\PSoC5/Counter_4_PM.c ****     
 182:.\Generated_Source\PSoC5/Counter_4_PM.c **** }
 181              		.loc 1 182 0
 182 001a 80BD     		pop	{r7, pc}
 183              		.cfi_endproc
 184              	.LFE3:
 185              		.size	Counter_4_Wakeup, .-Counter_4_Wakeup
 186              		.text
 187              	.Letext0:
 188              		.file 2 ".\\Generated_Source\\PSoC5\\cytypes.h"
 189              		.file 3 ".\\Generated_Source\\PSoC5\\Counter_4.h"
 190              		.section	.debug_info,"",%progbits
 191              	.Ldebug_info0:
 192 0000 55010000 		.4byte	0x155
 193 0004 0200     		.2byte	0x2
 194 0006 00000000 		.4byte	.Ldebug_abbrev0
 195 000a 04       		.byte	0x4
 196 000b 01       		.uleb128 0x1
 197 000c 4A000000 		.4byte	.LASF24
 198 0010 01       		.byte	0x1
 199 0011 67010000 		.4byte	.LASF25
 200 0015 D9000000 		.4byte	.LASF26
 201 0019 00000000 		.4byte	.Ldebug_ranges0+0
 202 001d 00000000 		.4byte	0
 203 0021 00000000 		.4byte	0
 204 0025 00000000 		.4byte	.Ldebug_line0
 205 0029 02       		.uleb128 0x2
 206 002a 01       		.byte	0x1
 207 002b 06       		.byte	0x6
 208 002c 8F010000 		.4byte	.LASF0
 209 0030 02       		.uleb128 0x2
 210 0031 01       		.byte	0x1
 211 0032 08       		.byte	0x8
 212 0033 31010000 		.4byte	.LASF1
 213 0037 02       		.uleb128 0x2
 214 0038 02       		.byte	0x2
 215 0039 05       		.byte	0x5
 216 003a CA010000 		.4byte	.LASF2
ARM GAS  C:\Users\BIOMIM~1\AppData\Local\Temp\ccoicBFa.s 			page 8


 217 003e 02       		.uleb128 0x2
 218 003f 02       		.byte	0x2
 219 0040 07       		.byte	0x7
 220 0041 0E000000 		.4byte	.LASF3
 221 0045 02       		.uleb128 0x2
 222 0046 04       		.byte	0x4
 223 0047 05       		.byte	0x5
 224 0048 44010000 		.4byte	.LASF4
 225 004c 02       		.uleb128 0x2
 226 004d 04       		.byte	0x4
 227 004e 07       		.byte	0x7
 228 004f 99000000 		.4byte	.LASF5
 229 0053 02       		.uleb128 0x2
 230 0054 08       		.byte	0x8
 231 0055 05       		.byte	0x5
 232 0056 00000000 		.4byte	.LASF6
 233 005a 02       		.uleb128 0x2
 234 005b 08       		.byte	0x8
 235 005c 07       		.byte	0x7
 236 005d AB000000 		.4byte	.LASF7
 237 0061 03       		.uleb128 0x3
 238 0062 04       		.byte	0x4
 239 0063 05       		.byte	0x5
 240 0064 696E7400 		.ascii	"int\000"
 241 0068 02       		.uleb128 0x2
 242 0069 04       		.byte	0x4
 243 006a 07       		.byte	0x7
 244 006b 21000000 		.4byte	.LASF8
 245 006f 04       		.uleb128 0x4
 246 0070 93000000 		.4byte	.LASF9
 247 0074 02       		.byte	0x2
 248 0075 5B       		.byte	0x5b
 249 0076 30000000 		.4byte	0x30
 250 007a 04       		.uleb128 0x4
 251 007b D4010000 		.4byte	.LASF10
 252 007f 02       		.byte	0x2
 253 0080 5C       		.byte	0x5c
 254 0081 3E000000 		.4byte	0x3e
 255 0085 02       		.uleb128 0x2
 256 0086 04       		.byte	0x4
 257 0087 04       		.byte	0x4
 258 0088 C2000000 		.4byte	.LASF11
 259 008c 02       		.uleb128 0x2
 260 008d 08       		.byte	0x8
 261 008e 04       		.byte	0x4
 262 008f 60010000 		.4byte	.LASF12
 263 0093 02       		.uleb128 0x2
 264 0094 01       		.byte	0x1
 265 0095 08       		.byte	0x8
 266 0096 3F010000 		.4byte	.LASF13
 267 009a 04       		.uleb128 0x4
 268 009b EB010000 		.4byte	.LASF14
 269 009f 02       		.byte	0x2
 270 00a0 F0       		.byte	0xf0
 271 00a1 A5000000 		.4byte	0xa5
 272 00a5 05       		.uleb128 0x5
 273 00a6 6F000000 		.4byte	0x6f
ARM GAS  C:\Users\BIOMIM~1\AppData\Local\Temp\ccoicBFa.s 			page 9


 274 00aa 02       		.uleb128 0x2
 275 00ab 04       		.byte	0x4
 276 00ac 07       		.byte	0x7
 277 00ad 05020000 		.4byte	.LASF15
 278 00b1 06       		.uleb128 0x6
 279 00b2 06       		.byte	0x6
 280 00b3 03       		.byte	0x3
 281 00b4 38       		.byte	0x38
 282 00b5 E4000000 		.4byte	0xe4
 283 00b9 07       		.uleb128 0x7
 284 00ba 4D010000 		.4byte	.LASF16
 285 00be 03       		.byte	0x3
 286 00bf 3A       		.byte	0x3a
 287 00c0 6F000000 		.4byte	0x6f
 288 00c4 02       		.byte	0x2
 289 00c5 23       		.byte	0x23
 290 00c6 00       		.uleb128 0
 291 00c7 07       		.uleb128 0x7
 292 00c8 3F000000 		.4byte	.LASF17
 293 00cc 03       		.byte	0x3
 294 00cd 3B       		.byte	0x3b
 295 00ce 7A000000 		.4byte	0x7a
 296 00d2 02       		.byte	0x2
 297 00d3 23       		.byte	0x23
 298 00d4 02       		.uleb128 0x2
 299 00d5 07       		.uleb128 0x7
 300 00d6 B3010000 		.4byte	.LASF18
 301 00da 03       		.byte	0x3
 302 00db 44       		.byte	0x44
 303 00dc 6F000000 		.4byte	0x6f
 304 00e0 02       		.byte	0x2
 305 00e1 23       		.byte	0x23
 306 00e2 04       		.uleb128 0x4
 307 00e3 00       		.byte	0
 308 00e4 04       		.uleb128 0x4
 309 00e5 0E020000 		.4byte	.LASF19
 310 00e9 03       		.byte	0x3
 311 00ea 47       		.byte	0x47
 312 00eb B1000000 		.4byte	0xb1
 313 00ef 08       		.uleb128 0x8
 314 00f0 01       		.byte	0x1
 315 00f1 F0010000 		.4byte	.LASF20
 316 00f5 01       		.byte	0x1
 317 00f6 2A       		.byte	0x2a
 318 00f7 01       		.byte	0x1
 319 00f8 00000000 		.4byte	.LFB0
 320 00fc 2A000000 		.4byte	.LFE0
 321 0100 00000000 		.4byte	.LLST0
 322 0104 01       		.byte	0x1
 323 0105 08       		.uleb128 0x8
 324 0106 01       		.byte	0x1
 325 0107 9B010000 		.4byte	.LASF21
 326 010b 01       		.byte	0x1
 327 010c 50       		.byte	0x50
 328 010d 01       		.byte	0x1
 329 010e 00000000 		.4byte	.LFB1
 330 0112 26000000 		.4byte	.LFE1
ARM GAS  C:\Users\BIOMIM~1\AppData\Local\Temp\ccoicBFa.s 			page 10


 331 0116 2C000000 		.4byte	.LLST1
 332 011a 01       		.byte	0x1
 333 011b 08       		.uleb128 0x8
 334 011c 01       		.byte	0x1
 335 011d DB010000 		.4byte	.LASF22
 336 0121 01       		.byte	0x1
 337 0122 7E       		.byte	0x7e
 338 0123 01       		.byte	0x1
 339 0124 00000000 		.4byte	.LFB2
 340 0128 40000000 		.4byte	.LFE2
 341 012c 58000000 		.4byte	.LLST2
 342 0130 01       		.byte	0x1
 343 0131 08       		.uleb128 0x8
 344 0132 01       		.byte	0x1
 345 0133 2E000000 		.4byte	.LASF23
 346 0137 01       		.byte	0x1
 347 0138 AB       		.byte	0xab
 348 0139 01       		.byte	0x1
 349 013a 00000000 		.4byte	.LFB3
 350 013e 1C000000 		.4byte	.LFE3
 351 0142 84000000 		.4byte	.LLST3
 352 0146 01       		.byte	0x1
 353 0147 09       		.uleb128 0x9
 354 0148 C8000000 		.4byte	.LASF27
 355 014c 01       		.byte	0x1
 356 014d 15       		.byte	0x15
 357 014e E4000000 		.4byte	0xe4
 358 0152 05       		.byte	0x5
 359 0153 03       		.byte	0x3
 360 0154 00000000 		.4byte	Counter_4_backup
 361 0158 00       		.byte	0
 362              		.section	.debug_abbrev,"",%progbits
 363              	.Ldebug_abbrev0:
 364 0000 01       		.uleb128 0x1
 365 0001 11       		.uleb128 0x11
 366 0002 01       		.byte	0x1
 367 0003 25       		.uleb128 0x25
 368 0004 0E       		.uleb128 0xe
 369 0005 13       		.uleb128 0x13
 370 0006 0B       		.uleb128 0xb
 371 0007 03       		.uleb128 0x3
 372 0008 0E       		.uleb128 0xe
 373 0009 1B       		.uleb128 0x1b
 374 000a 0E       		.uleb128 0xe
 375 000b 55       		.uleb128 0x55
 376 000c 06       		.uleb128 0x6
 377 000d 11       		.uleb128 0x11
 378 000e 01       		.uleb128 0x1
 379 000f 52       		.uleb128 0x52
 380 0010 01       		.uleb128 0x1
 381 0011 10       		.uleb128 0x10
 382 0012 06       		.uleb128 0x6
 383 0013 00       		.byte	0
 384 0014 00       		.byte	0
 385 0015 02       		.uleb128 0x2
 386 0016 24       		.uleb128 0x24
 387 0017 00       		.byte	0
ARM GAS  C:\Users\BIOMIM~1\AppData\Local\Temp\ccoicBFa.s 			page 11


 388 0018 0B       		.uleb128 0xb
 389 0019 0B       		.uleb128 0xb
 390 001a 3E       		.uleb128 0x3e
 391 001b 0B       		.uleb128 0xb
 392 001c 03       		.uleb128 0x3
 393 001d 0E       		.uleb128 0xe
 394 001e 00       		.byte	0
 395 001f 00       		.byte	0
 396 0020 03       		.uleb128 0x3
 397 0021 24       		.uleb128 0x24
 398 0022 00       		.byte	0
 399 0023 0B       		.uleb128 0xb
 400 0024 0B       		.uleb128 0xb
 401 0025 3E       		.uleb128 0x3e
 402 0026 0B       		.uleb128 0xb
 403 0027 03       		.uleb128 0x3
 404 0028 08       		.uleb128 0x8
 405 0029 00       		.byte	0
 406 002a 00       		.byte	0
 407 002b 04       		.uleb128 0x4
 408 002c 16       		.uleb128 0x16
 409 002d 00       		.byte	0
 410 002e 03       		.uleb128 0x3
 411 002f 0E       		.uleb128 0xe
 412 0030 3A       		.uleb128 0x3a
 413 0031 0B       		.uleb128 0xb
 414 0032 3B       		.uleb128 0x3b
 415 0033 0B       		.uleb128 0xb
 416 0034 49       		.uleb128 0x49
 417 0035 13       		.uleb128 0x13
 418 0036 00       		.byte	0
 419 0037 00       		.byte	0
 420 0038 05       		.uleb128 0x5
 421 0039 35       		.uleb128 0x35
 422 003a 00       		.byte	0
 423 003b 49       		.uleb128 0x49
 424 003c 13       		.uleb128 0x13
 425 003d 00       		.byte	0
 426 003e 00       		.byte	0
 427 003f 06       		.uleb128 0x6
 428 0040 13       		.uleb128 0x13
 429 0041 01       		.byte	0x1
 430 0042 0B       		.uleb128 0xb
 431 0043 0B       		.uleb128 0xb
 432 0044 3A       		.uleb128 0x3a
 433 0045 0B       		.uleb128 0xb
 434 0046 3B       		.uleb128 0x3b
 435 0047 0B       		.uleb128 0xb
 436 0048 01       		.uleb128 0x1
 437 0049 13       		.uleb128 0x13
 438 004a 00       		.byte	0
 439 004b 00       		.byte	0
 440 004c 07       		.uleb128 0x7
 441 004d 0D       		.uleb128 0xd
 442 004e 00       		.byte	0
 443 004f 03       		.uleb128 0x3
 444 0050 0E       		.uleb128 0xe
ARM GAS  C:\Users\BIOMIM~1\AppData\Local\Temp\ccoicBFa.s 			page 12


 445 0051 3A       		.uleb128 0x3a
 446 0052 0B       		.uleb128 0xb
 447 0053 3B       		.uleb128 0x3b
 448 0054 0B       		.uleb128 0xb
 449 0055 49       		.uleb128 0x49
 450 0056 13       		.uleb128 0x13
 451 0057 38       		.uleb128 0x38
 452 0058 0A       		.uleb128 0xa
 453 0059 00       		.byte	0
 454 005a 00       		.byte	0
 455 005b 08       		.uleb128 0x8
 456 005c 2E       		.uleb128 0x2e
 457 005d 00       		.byte	0
 458 005e 3F       		.uleb128 0x3f
 459 005f 0C       		.uleb128 0xc
 460 0060 03       		.uleb128 0x3
 461 0061 0E       		.uleb128 0xe
 462 0062 3A       		.uleb128 0x3a
 463 0063 0B       		.uleb128 0xb
 464 0064 3B       		.uleb128 0x3b
 465 0065 0B       		.uleb128 0xb
 466 0066 27       		.uleb128 0x27
 467 0067 0C       		.uleb128 0xc
 468 0068 11       		.uleb128 0x11
 469 0069 01       		.uleb128 0x1
 470 006a 12       		.uleb128 0x12
 471 006b 01       		.uleb128 0x1
 472 006c 40       		.uleb128 0x40
 473 006d 06       		.uleb128 0x6
 474 006e 9642     		.uleb128 0x2116
 475 0070 0C       		.uleb128 0xc
 476 0071 00       		.byte	0
 477 0072 00       		.byte	0
 478 0073 09       		.uleb128 0x9
 479 0074 34       		.uleb128 0x34
 480 0075 00       		.byte	0
 481 0076 03       		.uleb128 0x3
 482 0077 0E       		.uleb128 0xe
 483 0078 3A       		.uleb128 0x3a
 484 0079 0B       		.uleb128 0xb
 485 007a 3B       		.uleb128 0x3b
 486 007b 0B       		.uleb128 0xb
 487 007c 49       		.uleb128 0x49
 488 007d 13       		.uleb128 0x13
 489 007e 02       		.uleb128 0x2
 490 007f 0A       		.uleb128 0xa
 491 0080 00       		.byte	0
 492 0081 00       		.byte	0
 493 0082 00       		.byte	0
 494              		.section	.debug_loc,"",%progbits
 495              	.Ldebug_loc0:
 496              	.LLST0:
 497 0000 00000000 		.4byte	.LFB0
 498 0004 02000000 		.4byte	.LCFI0
 499 0008 0200     		.2byte	0x2
 500 000a 7D       		.byte	0x7d
 501 000b 00       		.sleb128 0
ARM GAS  C:\Users\BIOMIM~1\AppData\Local\Temp\ccoicBFa.s 			page 13


 502 000c 02000000 		.4byte	.LCFI0
 503 0010 04000000 		.4byte	.LCFI1
 504 0014 0200     		.2byte	0x2
 505 0016 7D       		.byte	0x7d
 506 0017 08       		.sleb128 8
 507 0018 04000000 		.4byte	.LCFI1
 508 001c 2A000000 		.4byte	.LFE0
 509 0020 0200     		.2byte	0x2
 510 0022 77       		.byte	0x77
 511 0023 08       		.sleb128 8
 512 0024 00000000 		.4byte	0
 513 0028 00000000 		.4byte	0
 514              	.LLST1:
 515 002c 00000000 		.4byte	.LFB1
 516 0030 02000000 		.4byte	.LCFI2
 517 0034 0200     		.2byte	0x2
 518 0036 7D       		.byte	0x7d
 519 0037 00       		.sleb128 0
 520 0038 02000000 		.4byte	.LCFI2
 521 003c 04000000 		.4byte	.LCFI3
 522 0040 0200     		.2byte	0x2
 523 0042 7D       		.byte	0x7d
 524 0043 08       		.sleb128 8
 525 0044 04000000 		.4byte	.LCFI3
 526 0048 26000000 		.4byte	.LFE1
 527 004c 0200     		.2byte	0x2
 528 004e 77       		.byte	0x77
 529 004f 08       		.sleb128 8
 530 0050 00000000 		.4byte	0
 531 0054 00000000 		.4byte	0
 532              	.LLST2:
 533 0058 00000000 		.4byte	.LFB2
 534 005c 02000000 		.4byte	.LCFI4
 535 0060 0200     		.2byte	0x2
 536 0062 7D       		.byte	0x7d
 537 0063 00       		.sleb128 0
 538 0064 02000000 		.4byte	.LCFI4
 539 0068 04000000 		.4byte	.LCFI5
 540 006c 0200     		.2byte	0x2
 541 006e 7D       		.byte	0x7d
 542 006f 08       		.sleb128 8
 543 0070 04000000 		.4byte	.LCFI5
 544 0074 40000000 		.4byte	.LFE2
 545 0078 0200     		.2byte	0x2
 546 007a 77       		.byte	0x77
 547 007b 08       		.sleb128 8
 548 007c 00000000 		.4byte	0
 549 0080 00000000 		.4byte	0
 550              	.LLST3:
 551 0084 00000000 		.4byte	.LFB3
 552 0088 02000000 		.4byte	.LCFI6
 553 008c 0200     		.2byte	0x2
 554 008e 7D       		.byte	0x7d
 555 008f 00       		.sleb128 0
 556 0090 02000000 		.4byte	.LCFI6
 557 0094 04000000 		.4byte	.LCFI7
 558 0098 0200     		.2byte	0x2
ARM GAS  C:\Users\BIOMIM~1\AppData\Local\Temp\ccoicBFa.s 			page 14


 559 009a 7D       		.byte	0x7d
 560 009b 08       		.sleb128 8
 561 009c 04000000 		.4byte	.LCFI7
 562 00a0 1C000000 		.4byte	.LFE3
 563 00a4 0200     		.2byte	0x2
 564 00a6 77       		.byte	0x77
 565 00a7 08       		.sleb128 8
 566 00a8 00000000 		.4byte	0
 567 00ac 00000000 		.4byte	0
 568              		.section	.debug_aranges,"",%progbits
 569 0000 34000000 		.4byte	0x34
 570 0004 0200     		.2byte	0x2
 571 0006 00000000 		.4byte	.Ldebug_info0
 572 000a 04       		.byte	0x4
 573 000b 00       		.byte	0
 574 000c 0000     		.2byte	0
 575 000e 0000     		.2byte	0
 576 0010 00000000 		.4byte	.LFB0
 577 0014 2A000000 		.4byte	.LFE0-.LFB0
 578 0018 00000000 		.4byte	.LFB1
 579 001c 26000000 		.4byte	.LFE1-.LFB1
 580 0020 00000000 		.4byte	.LFB2
 581 0024 40000000 		.4byte	.LFE2-.LFB2
 582 0028 00000000 		.4byte	.LFB3
 583 002c 1C000000 		.4byte	.LFE3-.LFB3
 584 0030 00000000 		.4byte	0
 585 0034 00000000 		.4byte	0
 586              		.section	.debug_ranges,"",%progbits
 587              	.Ldebug_ranges0:
 588 0000 00000000 		.4byte	.LFB0
 589 0004 2A000000 		.4byte	.LFE0
 590 0008 00000000 		.4byte	.LFB1
 591 000c 26000000 		.4byte	.LFE1
 592 0010 00000000 		.4byte	.LFB2
 593 0014 40000000 		.4byte	.LFE2
 594 0018 00000000 		.4byte	.LFB3
 595 001c 1C000000 		.4byte	.LFE3
 596 0020 00000000 		.4byte	0
 597 0024 00000000 		.4byte	0
 598              		.section	.debug_line,"",%progbits
 599              	.Ldebug_line0:
 600 0000 B5000000 		.section	.debug_str,"MS",%progbits,1
 600      02005A00 
 600      00000201 
 600      FB0E0D00 
 600      01010101 
 601              	.LASF6:
 602 0000 6C6F6E67 		.ascii	"long long int\000"
 602      206C6F6E 
 602      6720696E 
 602      7400
 603              	.LASF3:
 604 000e 73686F72 		.ascii	"short unsigned int\000"
 604      7420756E 
 604      7369676E 
 604      65642069 
 604      6E7400
ARM GAS  C:\Users\BIOMIM~1\AppData\Local\Temp\ccoicBFa.s 			page 15


 605              	.LASF8:
 606 0021 756E7369 		.ascii	"unsigned int\000"
 606      676E6564 
 606      20696E74 
 606      00
 607              	.LASF23:
 608 002e 436F756E 		.ascii	"Counter_4_Wakeup\000"
 608      7465725F 
 608      345F5761 
 608      6B657570 
 608      00
 609              	.LASF17:
 610 003f 436F756E 		.ascii	"CounterUdb\000"
 610      74657255 
 610      646200
 611              	.LASF24:
 612 004a 474E5520 		.ascii	"GNU C 4.7.3 20130312 (release) [ARM/embedded-4_7-br"
 612      4320342E 
 612      372E3320 
 612      32303133 
 612      30333132 
 613 007d 616E6368 		.ascii	"anch revision 196615]\000"
 613      20726576 
 613      6973696F 
 613      6E203139 
 613      36363135 
 614              	.LASF9:
 615 0093 75696E74 		.ascii	"uint8\000"
 615      3800
 616              	.LASF5:
 617 0099 6C6F6E67 		.ascii	"long unsigned int\000"
 617      20756E73 
 617      69676E65 
 617      6420696E 
 617      7400
 618              	.LASF7:
 619 00ab 6C6F6E67 		.ascii	"long long unsigned int\000"
 619      206C6F6E 
 619      6720756E 
 619      7369676E 
 619      65642069 
 620              	.LASF11:
 621 00c2 666C6F61 		.ascii	"float\000"
 621      7400
 622              	.LASF27:
 623 00c8 436F756E 		.ascii	"Counter_4_backup\000"
 623      7465725F 
 623      345F6261 
 623      636B7570 
 623      00
 624              	.LASF26:
 625 00d9 433A5C55 		.ascii	"C:\\Users\\biomimetics\\Dropbox\\SMC\\PSoC\\PSoC 5\\"
 625      73657273 
 625      5C62696F 
 625      6D696D65 
 625      74696373 
 626 0106 46726F67 		.ascii	"Frog Leg Jacobian QUADRUPED\\Design02.cydsn\000"
ARM GAS  C:\Users\BIOMIM~1\AppData\Local\Temp\ccoicBFa.s 			page 16


 626      204C6567 
 626      204A6163 
 626      6F626961 
 626      6E205155 
 627              	.LASF1:
 628 0131 756E7369 		.ascii	"unsigned char\000"
 628      676E6564 
 628      20636861 
 628      7200
 629              	.LASF13:
 630 013f 63686172 		.ascii	"char\000"
 630      00
 631              	.LASF4:
 632 0144 6C6F6E67 		.ascii	"long int\000"
 632      20696E74 
 632      00
 633              	.LASF16:
 634 014d 436F756E 		.ascii	"CounterEnableState\000"
 634      74657245 
 634      6E61626C 
 634      65537461 
 634      746500
 635              	.LASF12:
 636 0160 646F7562 		.ascii	"double\000"
 636      6C6500
 637              	.LASF25:
 638 0167 2E5C4765 		.ascii	".\\Generated_Source\\PSoC5\\Counter_4_PM.c\000"
 638      6E657261 
 638      7465645F 
 638      536F7572 
 638      63655C50 
 639              	.LASF0:
 640 018f 7369676E 		.ascii	"signed char\000"
 640      65642063 
 640      68617200 
 641              	.LASF21:
 642 019b 436F756E 		.ascii	"Counter_4_RestoreConfig\000"
 642      7465725F 
 642      345F5265 
 642      73746F72 
 642      65436F6E 
 643              	.LASF18:
 644 01b3 436F756E 		.ascii	"CounterControlRegister\000"
 644      74657243 
 644      6F6E7472 
 644      6F6C5265 
 644      67697374 
 645              	.LASF2:
 646 01ca 73686F72 		.ascii	"short int\000"
 646      7420696E 
 646      7400
 647              	.LASF10:
 648 01d4 75696E74 		.ascii	"uint16\000"
 648      313600
 649              	.LASF22:
 650 01db 436F756E 		.ascii	"Counter_4_Sleep\000"
 650      7465725F 
ARM GAS  C:\Users\BIOMIM~1\AppData\Local\Temp\ccoicBFa.s 			page 17


 650      345F536C 
 650      65657000 
 651              	.LASF14:
 652 01eb 72656738 		.ascii	"reg8\000"
 652      00
 653              	.LASF20:
 654 01f0 436F756E 		.ascii	"Counter_4_SaveConfig\000"
 654      7465725F 
 654      345F5361 
 654      7665436F 
 654      6E666967 
 655              	.LASF15:
 656 0205 73697A65 		.ascii	"sizetype\000"
 656      74797065 
 656      00
 657              	.LASF19:
 658 020e 436F756E 		.ascii	"Counter_4_backupStruct\000"
 658      7465725F 
 658      345F6261 
 658      636B7570 
 658      53747275 
 659              		.ident	"GCC: (GNU Tools for ARM Embedded Processors) 4.7.3 20130312 (release) [ARM/embedded-4_7-br
