--------------- Build Started: 02/10/2015 21:11:52 Project: Design02, Configuration: ARM GCC 4.7.3 Debug ---------------
The code generation step is up to date.
arm-none-eabi-gcc.exe -I. -I./Generated_Source/PSoC5 -Wno-main -mcpu=cortex-m3 -mthumb -Wall -g -D DEBUG -Wa,-alh=.\CortexM3\ARM_GCC_473\Debug\main.lst -ffunction-sections -c .\main.c -o .\CortexM3\ARM_GCC_473\Debug\main.o
.\main.c: In function 'Print32':
.\main.c:132:5: warning: format '%d' expects argument of type 'int', but argument 3 has type 'int32' [-Wformat]
.\main.c:132:5: warning: format '%d' expects argument of type 'int', but argument 3 has type 'int32' [-Wformat]
.\main.c: In function 'main':
.\main.c:578:9: warning: unused variable 'stateHop' [-Wunused-variable]
.\main.c:571:9: warning: unused variable 'stateB' [-Wunused-variable]
.\main.c:570:9: warning: variable 'stateA' set but not used [-Wunused-but-set-variable]
.\main.c:549:9: warning: unused variable 'c' [-Wunused-variable]
.\main.c:548:9: warning: unused variable 'stateCount' [-Wunused-variable]
.\main.c:547:9: warning: unused variable 'stateCountB' [-Wunused-variable]
.\main.c:546:9: warning: unused variable 'stateCountA' [-Wunused-variable]
.\main.c:506:9: warning: unused variable 'state' [-Wunused-variable]
.\main.c:1192:5: warning: control reaches end of non-void function [-Wreturn-type]
arm-none-eabi-ar.exe -rs .\CortexM3\ARM_GCC_473\Debug\Design02.a .\CortexM3\ARM_GCC_473\Debug\cyfitter_cfg.o .\CortexM3\ARM_GCC_473\Debug\PWM_1.o .\CortexM3\ARM_GCC_473\Debug\PWM_1_PM.o .\CortexM3\ARM_GCC_473\Debug\MotorPWM_1.o .\CortexM3\ARM_GCC_473\Debug\Clock_1.o .\CortexM3\ARM_GCC_473\Debug\Encoder_1_A.o .\CortexM3\ARM_GCC_473\Debug\Encoder_1_B.o .\CortexM3\ARM_GCC_473\Debug\Enable_1.o .\CortexM3\ARM_GCC_473\Debug\Clock_2.o .\CortexM3\ARM_GCC_473\Debug\Enable_2.o .\CortexM3\ARM_GCC_473\Debug\MotorPWM_2.o .\CortexM3\ARM_GCC_473\Debug\Encoder_2_A.o .\CortexM3\ARM_GCC_473\Debug\Encoder_2_B.o .\CortexM3\ARM_GCC_473\Debug\ePin.o .\CortexM3\ARM_GCC_473\Debug\CyBootAsmGnu.o .\CortexM3\ARM_GCC_473\Debug\CyDmac.o .\CortexM3\ARM_GCC_473\Debug\CyFlash.o .\CortexM3\ARM_GCC_473\Debug\CyLib.o .\CortexM3\ARM_GCC_473\Debug\cyPm.o .\CortexM3\ARM_GCC_473\Debug\CySpc.o .\CortexM3\ARM_GCC_473\Debug\cyutils.o .\CortexM3\ARM_GCC_473\Debug\PWM_2.o .\CortexM3\ARM_GCC_473\Debug\PWM_2_PM.o .\CortexM3\ARM_GCC_473\Debug\Timer_2.o .\CortexM3\ARM_GCC_473\Debug\Timer_2_PM.o .\CortexM3\ARM_GCC_473\Debug\isr_1.o .\CortexM3\ARM_GCC_473\Debug\Clock_4.o .\CortexM3\ARM_GCC_473\Debug\UART_1.o .\CortexM3\ARM_GCC_473\Debug\UART_1_PM.o .\CortexM3\ARM_GCC_473\Debug\UART_1_INT.o .\CortexM3\ARM_GCC_473\Debug\UART_1_BOOT.o .\CortexM3\ARM_GCC_473\Debug\UART_1_IntClock.o .\CortexM3\ARM_GCC_473\Debug\isr_3.o .\CortexM3\ARM_GCC_473\Debug\Timer_3.o .\CortexM3\ARM_GCC_473\Debug\Timer_3_PM.o .\CortexM3\ARM_GCC_473\Debug\Clock_5.o .\CortexM3\ARM_GCC_473\Debug\PWM_3.o .\CortexM3\ARM_GCC_473\Debug\PWM_3_PM.o .\CortexM3\ARM_GCC_473\Debug\MotorPWM_3.o .\CortexM3\ARM_GCC_473\Debug\MotorPWM_4.o .\CortexM3\ARM_GCC_473\Debug\Encoder_3_A.o .\CortexM3\ARM_GCC_473\Debug\Encoder_4_A.o .\CortexM3\ARM_GCC_473\Debug\Encoder_3_B.o .\CortexM3\ARM_GCC_473\Debug\Encoder_4_B.o .\CortexM3\ARM_GCC_473\Debug\MotorPWM_7.o .\CortexM3\ARM_GCC_473\Debug\MotorPWM_8.o .\CortexM3\ARM_GCC_473\Debug\PWM_4.o .\CortexM3\ARM_GCC_473\Debug\PWM_4_PM.o .\CortexM3\ARM_GCC_473\Debug\MotorPWM_5.o .\CortexM3\ARM_GCC_473\Debug\MotorPWM_6.o .\CortexM3\ARM_GCC_473\Debug\UART_2.o .\CortexM3\ARM_GCC_473\Debug\UART_2_PM.o .\CortexM3\ARM_GCC_473\Debug\UART_2_INT.o .\CortexM3\ARM_GCC_473\Debug\UART_2_BOOT.o .\CortexM3\ARM_GCC_473\Debug\UART_2_IntClock.o .\CortexM3\ARM_GCC_473\Debug\Enable_3.o .\CortexM3\ARM_GCC_473\Debug\Enable_4.o .\CortexM3\ARM_GCC_473\Debug\foot12.o .\CortexM3\ARM_GCC_473\Debug\foot34.o .\CortexM3\ARM_GCC_473\Debug\Counter_3.o .\CortexM3\ARM_GCC_473\Debug\Counter_3_PM.o .\CortexM3\ARM_GCC_473\Debug\Enable_5.o .\CortexM3\ARM_GCC_473\Debug\Enable_6.o .\CortexM3\ARM_GCC_473\Debug\foot78.o .\CortexM3\ARM_GCC_473\Debug\foot56.o .\CortexM3\ARM_GCC_473\Debug\Counter_1.o .\CortexM3\ARM_GCC_473\Debug\Counter_1_PM.o .\CortexM3\ARM_GCC_473\Debug\Counter_2.o .\CortexM3\ARM_GCC_473\Debug\Counter_2_PM.o .\CortexM3\ARM_GCC_473\Debug\Counter_4.o .\CortexM3\ARM_GCC_473\Debug\Counter_4_PM.o .\CortexM3\ARM_GCC_473\Debug\Encoder_5_A.o .\CortexM3\ARM_GCC_473\Debug\Encoder_5_B.o .\CortexM3\ARM_GCC_473\Debug\Counter_5.o .\CortexM3\ARM_GCC_473\Debug\Counter_5_PM.o .\CortexM3\ARM_GCC_473\Debug\Encoder_6_A.o .\CortexM3\ARM_GCC_473\Debug\Encoder_6_B.o .\CortexM3\ARM_GCC_473\Debug\Counter_6.o .\CortexM3\ARM_GCC_473\Debug\Counter_6_PM.o .\CortexM3\ARM_GCC_473\Debug\Encoder_7_A.o .\CortexM3\ARM_GCC_473\Debug\Encoder_7_B.o .\CortexM3\ARM_GCC_473\Debug\Counter_7.o .\CortexM3\ARM_GCC_473\Debug\Counter_7_PM.o .\CortexM3\ARM_GCC_473\Debug\Encoder_8_A.o .\CortexM3\ARM_GCC_473\Debug\Encoder_8_B.o .\CortexM3\ARM_GCC_473\Debug\Counter_8.o .\CortexM3\ARM_GCC_473\Debug\Counter_8_PM.o .\CortexM3\ARM_GCC_473\Debug\PWM_5.o .\CortexM3\ARM_GCC_473\Debug\PWM_5_PM.o .\CortexM3\ARM_GCC_473\Debug\Enable_7.o .\CortexM3\ARM_GCC_473\Debug\Enable_8.o .\CortexM3\ARM_GCC_473\Debug\startPin.o .\CortexM3\ARM_GCC_473\Debug\LED1.o .\CortexM3\ARM_GCC_473\Debug\LED2.o .\CortexM3\ARM_GCC_473\Debug\LED3.o .\CortexM3\ARM_GCC_473\Debug\LED4.o .\CortexM3\ARM_GCC_473\Debug\LED5.o .\CortexM3\ARM_GCC_473\Debug\pinA.o
arm-none-eabi-ar.exe: creating .\CortexM3\ARM_GCC_473\Debug\Design02.a
arm-none-eabi-gcc.exe -mthumb -march=armv7-m -mfix-cortex-m3-ldrd -T .\Generated_Source\PSoC5\cm3gcc.ld -g -Wl,-Map,.\CortexM3\ARM_GCC_473\Debug\Design02.map -specs=nano.specs -Wl,--gc-sections -Wl,--start-group -o .\CortexM3\ARM_GCC_473\Debug\Design02.elf .\CortexM3\ARM_GCC_473\Debug\main.o .\CortexM3\ARM_GCC_473\Debug\cymetadata.o .\CortexM3\ARM_GCC_473\Debug\Cm3Start.o .\CortexM3\ARM_GCC_473\Debug\Design02.a "C:\Program Files (x86)\Cypress\PSoC Creator\3.0\PSoC Creator\psoc\content\cycomponentlibrary\CyComponentLibrary.cylib\CortexM3\ARM_GCC_473\Debug\CyComponentLibrary.a" -Wl,--end-group
cyelftool.exe -C "C:\Users\biomimetics\Dropbox\SMC\PSoC\PSoC 5\Frog Leg Jacobian QUADRUPED\Design02.cydsn\CortexM3\ARM_GCC_473\Debug\Design02.elf" --flash_size 262144 --flash_row_size 256
cyelftool.exe -S "C:\Users\biomimetics\Dropbox\SMC\PSoC\PSoC 5\Frog Leg Jacobian QUADRUPED\Design02.cydsn\CortexM3\ARM_GCC_473\Debug\Design02.elf"
Flash used: 62864 of 262144 bytes (24.0 %).
SRAM used: 21565 of 65536 bytes (32.9 %).
--------------- Build Succeeded: 02/10/2015 21:11:58 ---------------
