--------------- Clean Started: 10/30/2014 20:21:14 Project: Design02, Configuration: ARM GCC 4.7.3 Debug ---------------
Deleting file ".\CortexM3\ARM_GCC_473\Debug\main.o"
Deleting file ".\CortexM3\ARM_GCC_473\Debug\cyfitter_cfg.o"
Deleting file ".\CortexM3\ARM_GCC_473\Debug\cymetadata.o"
Deleting file ".\CortexM3\ARM_GCC_473\Debug\PWM_1.o"
Deleting file ".\CortexM3\ARM_GCC_473\Debug\PWM_1_PM.o"
Deleting file ".\CortexM3\ARM_GCC_473\Debug\MotorPWM_1.o"
Deleting file ".\CortexM3\ARM_GCC_473\Debug\Clock_1.o"
Deleting file ".\CortexM3\ARM_GCC_473\Debug\Encoder_1_A.o"
Deleting file ".\CortexM3\ARM_GCC_473\Debug\Encoder_1_B.o"
Deleting file ".\CortexM3\ARM_GCC_473\Debug\Enable_1.o"
Deleting file ".\CortexM3\ARM_GCC_473\Debug\Timer_1.o"
Deleting file ".\CortexM3\ARM_GCC_473\Debug\Timer_1_PM.o"
Deleting file ".\CortexM3\ARM_GCC_473\Debug\Pin_2.o"
Deleting file ".\CortexM3\ARM_GCC_473\Debug\Clock_2.o"
Deleting file ".\CortexM3\ARM_GCC_473\Debug\Enable_2.o"
Deleting file ".\CortexM3\ARM_GCC_473\Debug\MotorPWM_2.o"
Deleting file ".\CortexM3\ARM_GCC_473\Debug\Encoder_2_A.o"
Deleting file ".\CortexM3\ARM_GCC_473\Debug\Encoder_2_B.o"
Deleting file ".\CortexM3\ARM_GCC_473\Debug\QuadDec_2.o"
Deleting file ".\CortexM3\ARM_GCC_473\Debug\QuadDec_2_PM.o"
Deleting file ".\CortexM3\ARM_GCC_473\Debug\ePin.o"
Deleting file ".\CortexM3\ARM_GCC_473\Debug\Clock_3.o"
Deleting file ".\CortexM3\ARM_GCC_473\Debug\IR_Pin.o"
Deleting file ".\CortexM3\ARM_GCC_473\Debug\QuadDec_1.o"
Deleting file ".\CortexM3\ARM_GCC_473\Debug\QuadDec_1_PM.o"
Deleting file ".\CortexM3\ARM_GCC_473\Debug\QuadDec_2_Cnt16.o"
Deleting file ".\CortexM3\ARM_GCC_473\Debug\QuadDec_2_Cnt16_PM.o"
Deleting file ".\CortexM3\ARM_GCC_473\Debug\QuadDec_1_Cnt16.o"
Deleting file ".\CortexM3\ARM_GCC_473\Debug\QuadDec_1_Cnt16_PM.o"
Deleting file ".\CortexM3\ARM_GCC_473\Debug\Cm3Start.o"
Deleting file ".\CortexM3\ARM_GCC_473\Debug\CyBootAsmGnu.o"
Deleting file ".\CortexM3\ARM_GCC_473\Debug\CyDmac.o"
Deleting file ".\CortexM3\ARM_GCC_473\Debug\CyFlash.o"
Deleting file ".\CortexM3\ARM_GCC_473\Debug\CyLib.o"
Deleting file ".\CortexM3\ARM_GCC_473\Debug\cyPm.o"
Deleting file ".\CortexM3\ARM_GCC_473\Debug\CySpc.o"
Deleting file ".\CortexM3\ARM_GCC_473\Debug\cyutils.o"
Deleting file ".\CortexM3\ARM_GCC_473\Debug\PWM_2.o"
Deleting file ".\CortexM3\ARM_GCC_473\Debug\PWM_2_PM.o"
Deleting file ".\CortexM3\ARM_GCC_473\Debug\Timer_2.o"
Deleting file ".\CortexM3\ARM_GCC_473\Debug\Timer_2_PM.o"
Deleting file ".\CortexM3\ARM_GCC_473\Debug\isr_1.o"
Deleting file ".\CortexM3\ARM_GCC_473\Debug\Clock_4.o"
Deleting file ".\CortexM3\ARM_GCC_473\Debug\onPin.o"
Deleting file ".\CortexM3\ARM_GCC_473\Debug\UART_1.o"
Deleting file ".\CortexM3\ARM_GCC_473\Debug\UART_1_PM.o"
Deleting file ".\CortexM3\ARM_GCC_473\Debug\UART_1_INT.o"
Deleting file ".\CortexM3\ARM_GCC_473\Debug\UART_1_BOOT.o"
Deleting file ".\CortexM3\ARM_GCC_473\Debug\UART_1_IntClock.o"
Deleting file ".\CortexM3\ARM_GCC_473\Debug\isr_3.o"
Deleting file ".\CortexM3\ARM_GCC_473\Debug\Timer_3.o"
Deleting file ".\CortexM3\ARM_GCC_473\Debug\Timer_3_PM.o"
Deleting file ".\CortexM3\ARM_GCC_473\Debug\Clock_5.o"
Deleting file ".\CortexM3\ARM_GCC_473\Debug\Clock_6.o"
Deleting file ".\CortexM3\ARM_GCC_473\Debug\isr_4.o"
Deleting file ".\CortexM3\ARM_GCC_473\Debug\cybootloader.o"
Deleting file ".\CortexM3\ARM_GCC_473\Debug\Bootloadable.o"
Deleting file ".\CortexM3\ARM_GCC_473\Debug\MotorPWM_3.o"
Deleting file ".\CortexM3\ARM_GCC_473\Debug\MotorPWM_4.o"
Deleting file ".\CortexM3\ARM_GCC_473\Debug\QuadDec_3.o"
Deleting file ".\CortexM3\ARM_GCC_473\Debug\QuadDec_3_PM.o"
Deleting file ".\CortexM3\ARM_GCC_473\Debug\QuadDec_4.o"
Deleting file ".\CortexM3\ARM_GCC_473\Debug\QuadDec_4_PM.o"
Deleting file ".\CortexM3\ARM_GCC_473\Debug\Encoder_3_A.o"
Deleting file ".\CortexM3\ARM_GCC_473\Debug\Encoder_4_A.o"
Deleting file ".\CortexM3\ARM_GCC_473\Debug\Encoder_3_B.o"
Deleting file ".\CortexM3\ARM_GCC_473\Debug\Encoder_4_B.o"
Deleting file ".\CortexM3\ARM_GCC_473\Debug\QuadDec_3_Cnt16.o"
Deleting file ".\CortexM3\ARM_GCC_473\Debug\QuadDec_3_Cnt16_PM.o"
Deleting file ".\CortexM3\ARM_GCC_473\Debug\QuadDec_4_Cnt16.o"
Deleting file ".\CortexM3\ARM_GCC_473\Debug\QuadDec_4_Cnt16_PM.o"
Deleting file ".\CortexM3\ARM_GCC_473\Debug\UART_2.o"
Deleting file ".\CortexM3\ARM_GCC_473\Debug\UART_2_PM.o"
Deleting file ".\CortexM3\ARM_GCC_473\Debug\UART_2_INT.o"
Deleting file ".\CortexM3\ARM_GCC_473\Debug\UART_2_BOOT.o"
Deleting file ".\CortexM3\ARM_GCC_473\Debug\UART_2_IntClock.o"
Deleting file ".\CortexM3\ARM_GCC_473\Debug\Enable_3.o"
Deleting file ".\CortexM3\ARM_GCC_473\Debug\Enable_4.o"
Deleting file ".\CortexM3\ARM_GCC_473\Debug\Design02.hex"
Deleting file ".\CortexM3\ARM_GCC_473\Debug\Design02.elf"
Deleting file ".\CortexM3\ARM_GCC_473\Debug\Design02.map"
Deleting file ".\CortexM3\ARM_GCC_473\Debug\Design02.cyacd"
Deleting file ".\Design02.cycdx"
Deleting file ".\Design02.svd"
Deleting file ".\Design02.rpt"
Deleting file ".\Design02_timing.html"
Deleting file ".\CortexM3\ARM_GCC_473\Debug\.deps\C_FILE.P"
Deleting file ".\CortexM3\ARM_GCC_473\Debug\.deps\ARM_C_FILE.P"
Deleting file ".\CortexM3\ARM_GCC_473\Debug\.deps\GNU_ARM_ASM_FILE.P"
--------------- Clean Succeeded: 10/30/2014 20:21:16 ---------------
