ARM GAS  C:\Users\BIOMIM~1\AppData\Local\Temp\ccgR3hMQ.s 			page 1


   1              		.syntax unified
   2              		.cpu cortex-m3
   3              		.fpu softvfp
   4              		.eabi_attribute 20, 1
   5              		.eabi_attribute 21, 1
   6              		.eabi_attribute 23, 3
   7              		.eabi_attribute 24, 1
   8              		.eabi_attribute 25, 1
   9              		.eabi_attribute 26, 1
  10              		.eabi_attribute 30, 6
  11              		.eabi_attribute 34, 1
  12              		.eabi_attribute 18, 4
  13              		.thumb
  14              		.file	"QuadDec_4.c"
  15              		.text
  16              	.Ltext0:
  17              		.cfi_sections	.debug_frame
  18              		.global	QuadDec_4_initVar
  19              		.bss
  20              		.type	QuadDec_4_initVar, %object
  21              		.size	QuadDec_4_initVar, 1
  22              	QuadDec_4_initVar:
  23 0000 00       		.space	1
  24              		.section	.text.QuadDec_4_Init,"ax",%progbits
  25              		.align	2
  26              		.global	QuadDec_4_Init
  27              		.thumb
  28              		.thumb_func
  29              		.type	QuadDec_4_Init, %function
  30              	QuadDec_4_Init:
  31              	.LFB0:
  32              		.file 1 ".\\Generated_Source\\PSoC5\\QuadDec_4.c"
   1:.\Generated_Source\PSoC5/QuadDec_4.c **** /*******************************************************************************
   2:.\Generated_Source\PSoC5/QuadDec_4.c **** * File Name: QuadDec_4.c  
   3:.\Generated_Source\PSoC5/QuadDec_4.c **** * Version 2.30
   4:.\Generated_Source\PSoC5/QuadDec_4.c **** *
   5:.\Generated_Source\PSoC5/QuadDec_4.c **** * Description:
   6:.\Generated_Source\PSoC5/QuadDec_4.c **** *  This file provides the source code to the API for the Quadrature Decoder
   7:.\Generated_Source\PSoC5/QuadDec_4.c **** *  component.
   8:.\Generated_Source\PSoC5/QuadDec_4.c **** *
   9:.\Generated_Source\PSoC5/QuadDec_4.c **** * Note:
  10:.\Generated_Source\PSoC5/QuadDec_4.c **** *  None.
  11:.\Generated_Source\PSoC5/QuadDec_4.c **** *   
  12:.\Generated_Source\PSoC5/QuadDec_4.c **** ********************************************************************************
  13:.\Generated_Source\PSoC5/QuadDec_4.c **** * Copyright 2008-2012, Cypress Semiconductor Corporation.  All rights reserved.
  14:.\Generated_Source\PSoC5/QuadDec_4.c **** * You may use this file only in accordance with the license, terms, conditions, 
  15:.\Generated_Source\PSoC5/QuadDec_4.c **** * disclaimers, and limitations in the end user license agreement accompanying 
  16:.\Generated_Source\PSoC5/QuadDec_4.c **** * the software package with which this file was provided.
  17:.\Generated_Source\PSoC5/QuadDec_4.c **** *******************************************************************************/
  18:.\Generated_Source\PSoC5/QuadDec_4.c **** 
  19:.\Generated_Source\PSoC5/QuadDec_4.c **** #include "QuadDec_4.h"
  20:.\Generated_Source\PSoC5/QuadDec_4.c **** 
  21:.\Generated_Source\PSoC5/QuadDec_4.c **** #if (QuadDec_4_COUNTER_SIZE == QuadDec_4_COUNTER_SIZE_32_BIT)
  22:.\Generated_Source\PSoC5/QuadDec_4.c ****     #include "QuadDec_4_PVT.h"
  23:.\Generated_Source\PSoC5/QuadDec_4.c **** #endif /* QuadDec_4_COUNTER_SIZE == QuadDec_4_COUNTER_SIZE_32_BIT */
  24:.\Generated_Source\PSoC5/QuadDec_4.c **** 
  25:.\Generated_Source\PSoC5/QuadDec_4.c **** uint8 QuadDec_4_initVar = 0u;
ARM GAS  C:\Users\BIOMIM~1\AppData\Local\Temp\ccgR3hMQ.s 			page 2


  26:.\Generated_Source\PSoC5/QuadDec_4.c **** 
  27:.\Generated_Source\PSoC5/QuadDec_4.c **** 
  28:.\Generated_Source\PSoC5/QuadDec_4.c **** /*******************************************************************************
  29:.\Generated_Source\PSoC5/QuadDec_4.c **** * Function Name: QuadDec_4_Init
  30:.\Generated_Source\PSoC5/QuadDec_4.c **** ********************************************************************************
  31:.\Generated_Source\PSoC5/QuadDec_4.c **** *
  32:.\Generated_Source\PSoC5/QuadDec_4.c **** * Summary:
  33:.\Generated_Source\PSoC5/QuadDec_4.c **** *  Inits/Restores default QuadDec configuration provided with customizer.
  34:.\Generated_Source\PSoC5/QuadDec_4.c **** *
  35:.\Generated_Source\PSoC5/QuadDec_4.c **** * Parameters:
  36:.\Generated_Source\PSoC5/QuadDec_4.c **** *  None.
  37:.\Generated_Source\PSoC5/QuadDec_4.c **** *
  38:.\Generated_Source\PSoC5/QuadDec_4.c **** * Return:
  39:.\Generated_Source\PSoC5/QuadDec_4.c **** *  None.
  40:.\Generated_Source\PSoC5/QuadDec_4.c **** *
  41:.\Generated_Source\PSoC5/QuadDec_4.c **** *******************************************************************************/
  42:.\Generated_Source\PSoC5/QuadDec_4.c **** void QuadDec_4_Init(void) 
  43:.\Generated_Source\PSoC5/QuadDec_4.c **** {
  33              		.loc 1 43 0
  34              		.cfi_startproc
  35              		@ args = 0, pretend = 0, frame = 0
  36              		@ frame_needed = 1, uses_anonymous_args = 0
  37              		@ link register save eliminated.
  38 0000 80B4     		push	{r7}
  39              	.LCFI0:
  40              		.cfi_def_cfa_offset 4
  41              		.cfi_offset 7, -4
  42 0002 00AF     		add	r7, sp, #0
  43              	.LCFI1:
  44              		.cfi_def_cfa_register 7
  44:.\Generated_Source\PSoC5/QuadDec_4.c ****     #if (QuadDec_4_COUNTER_SIZE == QuadDec_4_COUNTER_SIZE_32_BIT)
  45:.\Generated_Source\PSoC5/QuadDec_4.c ****         /* Disable Interrupt. */
  46:.\Generated_Source\PSoC5/QuadDec_4.c ****         CyIntDisable(QuadDec_4_ISR_NUMBER);
  47:.\Generated_Source\PSoC5/QuadDec_4.c ****         /* Set the ISR to point to the QuadDec_4_isr Interrupt. */
  48:.\Generated_Source\PSoC5/QuadDec_4.c ****         (void) CyIntSetVector(QuadDec_4_ISR_NUMBER, & QuadDec_4_ISR);
  49:.\Generated_Source\PSoC5/QuadDec_4.c ****         /* Set the priority. */
  50:.\Generated_Source\PSoC5/QuadDec_4.c ****         CyIntSetPriority(QuadDec_4_ISR_NUMBER, QuadDec_4_ISR_PRIORITY);
  51:.\Generated_Source\PSoC5/QuadDec_4.c ****     #endif /* QuadDec_4_COUNTER_SIZE == QuadDec_4_COUNTER_SIZE_32_BIT */
  52:.\Generated_Source\PSoC5/QuadDec_4.c **** }
  45              		.loc 1 52 0
  46 0004 BD46     		mov	sp, r7
  47 0006 80BC     		pop	{r7}
  48 0008 7047     		bx	lr
  49              		.cfi_endproc
  50              	.LFE0:
  51              		.size	QuadDec_4_Init, .-QuadDec_4_Init
  52 000a 00BF     		.section	.text.QuadDec_4_Enable,"ax",%progbits
  53              		.align	2
  54              		.global	QuadDec_4_Enable
  55              		.thumb
  56              		.thumb_func
  57              		.type	QuadDec_4_Enable, %function
  58              	QuadDec_4_Enable:
  59              	.LFB1:
  53:.\Generated_Source\PSoC5/QuadDec_4.c **** 
  54:.\Generated_Source\PSoC5/QuadDec_4.c **** 
  55:.\Generated_Source\PSoC5/QuadDec_4.c **** /*******************************************************************************
ARM GAS  C:\Users\BIOMIM~1\AppData\Local\Temp\ccgR3hMQ.s 			page 3


  56:.\Generated_Source\PSoC5/QuadDec_4.c **** * Function Name: QuadDec_4_Enable
  57:.\Generated_Source\PSoC5/QuadDec_4.c **** ********************************************************************************
  58:.\Generated_Source\PSoC5/QuadDec_4.c **** *
  59:.\Generated_Source\PSoC5/QuadDec_4.c **** * Summary:
  60:.\Generated_Source\PSoC5/QuadDec_4.c **** *  This function enable interrupts from Component and also enable Component's
  61:.\Generated_Source\PSoC5/QuadDec_4.c **** *  ISR in case of 32-bit counter.
  62:.\Generated_Source\PSoC5/QuadDec_4.c **** *
  63:.\Generated_Source\PSoC5/QuadDec_4.c **** * Parameters:
  64:.\Generated_Source\PSoC5/QuadDec_4.c **** *  None.
  65:.\Generated_Source\PSoC5/QuadDec_4.c **** *
  66:.\Generated_Source\PSoC5/QuadDec_4.c **** * Return:
  67:.\Generated_Source\PSoC5/QuadDec_4.c **** *  None.
  68:.\Generated_Source\PSoC5/QuadDec_4.c **** *
  69:.\Generated_Source\PSoC5/QuadDec_4.c **** *******************************************************************************/
  70:.\Generated_Source\PSoC5/QuadDec_4.c **** void QuadDec_4_Enable(void) 
  71:.\Generated_Source\PSoC5/QuadDec_4.c **** {
  60              		.loc 1 71 0
  61              		.cfi_startproc
  62              		@ args = 0, pretend = 0, frame = 8
  63              		@ frame_needed = 1, uses_anonymous_args = 0
  64 0000 80B5     		push	{r7, lr}
  65              	.LCFI2:
  66              		.cfi_def_cfa_offset 8
  67              		.cfi_offset 7, -8
  68              		.cfi_offset 14, -4
  69 0002 82B0     		sub	sp, sp, #8
  70              	.LCFI3:
  71              		.cfi_def_cfa_offset 16
  72 0004 00AF     		add	r7, sp, #0
  73              	.LCFI4:
  74              		.cfi_def_cfa_register 7
  72:.\Generated_Source\PSoC5/QuadDec_4.c ****     uint8 enableInterrupts;
  73:.\Generated_Source\PSoC5/QuadDec_4.c **** 
  74:.\Generated_Source\PSoC5/QuadDec_4.c ****     QuadDec_4_SetInterruptMask(QuadDec_4_INIT_INT_MASK);
  75              		.loc 1 74 0
  76 0006 4FF00F00 		mov	r0, #15
  77 000a FFF7FEFF 		bl	QuadDec_4_SetInterruptMask
  75:.\Generated_Source\PSoC5/QuadDec_4.c **** 
  76:.\Generated_Source\PSoC5/QuadDec_4.c ****     enableInterrupts = CyEnterCriticalSection();
  78              		.loc 1 76 0
  79 000e FFF7FEFF 		bl	CyEnterCriticalSection
  80 0012 0346     		mov	r3, r0
  81 0014 FB71     		strb	r3, [r7, #7]
  77:.\Generated_Source\PSoC5/QuadDec_4.c **** 
  78:.\Generated_Source\PSoC5/QuadDec_4.c ****     /* Enable interrupts from Statusi register */
  79:.\Generated_Source\PSoC5/QuadDec_4.c ****     QuadDec_4_SR_AUX_CONTROL |= QuadDec_4_INTERRUPTS_ENABLE;
  82              		.loc 1 79 0
  83 0016 46F29643 		movw	r3, #25750
  84 001a C4F20003 		movt	r3, 16384
  85 001e 46F29642 		movw	r2, #25750
  86 0022 C4F20002 		movt	r2, 16384
  87 0026 1278     		ldrb	r2, [r2, #0]
  88 0028 D2B2     		uxtb	r2, r2
  89 002a 42F01002 		orr	r2, r2, #16
  90 002e D2B2     		uxtb	r2, r2
  91 0030 1A70     		strb	r2, [r3, #0]
  80:.\Generated_Source\PSoC5/QuadDec_4.c **** 
ARM GAS  C:\Users\BIOMIM~1\AppData\Local\Temp\ccgR3hMQ.s 			page 4


  81:.\Generated_Source\PSoC5/QuadDec_4.c ****     CyExitCriticalSection(enableInterrupts);
  92              		.loc 1 81 0
  93 0032 FB79     		ldrb	r3, [r7, #7]	@ zero_extendqisi2
  94 0034 1846     		mov	r0, r3
  95 0036 FFF7FEFF 		bl	CyExitCriticalSection
  82:.\Generated_Source\PSoC5/QuadDec_4.c **** 
  83:.\Generated_Source\PSoC5/QuadDec_4.c ****     #if (QuadDec_4_COUNTER_SIZE == QuadDec_4_COUNTER_SIZE_32_BIT)
  84:.\Generated_Source\PSoC5/QuadDec_4.c ****         /* Enable Component interrupts */
  85:.\Generated_Source\PSoC5/QuadDec_4.c ****         CyIntEnable(QuadDec_4_ISR_NUMBER);
  86:.\Generated_Source\PSoC5/QuadDec_4.c ****     #endif /* QuadDec_4_COUNTER_SIZE == QuadDec_4_COUNTER_SIZE_32_BIT */
  87:.\Generated_Source\PSoC5/QuadDec_4.c **** }
  96              		.loc 1 87 0
  97 003a 07F10807 		add	r7, r7, #8
  98 003e BD46     		mov	sp, r7
  99 0040 80BD     		pop	{r7, pc}
 100              		.cfi_endproc
 101              	.LFE1:
 102              		.size	QuadDec_4_Enable, .-QuadDec_4_Enable
 103 0042 00BF     		.section	.text.QuadDec_4_Start,"ax",%progbits
 104              		.align	2
 105              		.global	QuadDec_4_Start
 106              		.thumb
 107              		.thumb_func
 108              		.type	QuadDec_4_Start, %function
 109              	QuadDec_4_Start:
 110              	.LFB2:
  88:.\Generated_Source\PSoC5/QuadDec_4.c **** 
  89:.\Generated_Source\PSoC5/QuadDec_4.c **** 
  90:.\Generated_Source\PSoC5/QuadDec_4.c **** /*******************************************************************************
  91:.\Generated_Source\PSoC5/QuadDec_4.c **** * Function Name: QuadDec_4_Start
  92:.\Generated_Source\PSoC5/QuadDec_4.c **** ********************************************************************************
  93:.\Generated_Source\PSoC5/QuadDec_4.c **** *
  94:.\Generated_Source\PSoC5/QuadDec_4.c **** * Summary:
  95:.\Generated_Source\PSoC5/QuadDec_4.c **** *  Initializes UDBs and other relevant hardware.
  96:.\Generated_Source\PSoC5/QuadDec_4.c **** *  Resets counter, enables or disables all relevant interrupts.
  97:.\Generated_Source\PSoC5/QuadDec_4.c **** *  Starts monitoring the inputs and counting.
  98:.\Generated_Source\PSoC5/QuadDec_4.c **** *
  99:.\Generated_Source\PSoC5/QuadDec_4.c **** * Parameters:
 100:.\Generated_Source\PSoC5/QuadDec_4.c **** *  None.
 101:.\Generated_Source\PSoC5/QuadDec_4.c **** *
 102:.\Generated_Source\PSoC5/QuadDec_4.c **** * Return:
 103:.\Generated_Source\PSoC5/QuadDec_4.c **** *  None.
 104:.\Generated_Source\PSoC5/QuadDec_4.c **** *
 105:.\Generated_Source\PSoC5/QuadDec_4.c **** * Global variables:
 106:.\Generated_Source\PSoC5/QuadDec_4.c **** *  QuadDec_4_initVar - used to check initial configuration, modified on
 107:.\Generated_Source\PSoC5/QuadDec_4.c **** *  first function call.
 108:.\Generated_Source\PSoC5/QuadDec_4.c **** *
 109:.\Generated_Source\PSoC5/QuadDec_4.c **** * Reentrant:
 110:.\Generated_Source\PSoC5/QuadDec_4.c **** *  No.
 111:.\Generated_Source\PSoC5/QuadDec_4.c **** *
 112:.\Generated_Source\PSoC5/QuadDec_4.c **** *******************************************************************************/
 113:.\Generated_Source\PSoC5/QuadDec_4.c **** void QuadDec_4_Start(void) 
 114:.\Generated_Source\PSoC5/QuadDec_4.c **** {
 111              		.loc 1 114 0
 112              		.cfi_startproc
 113              		@ args = 0, pretend = 0, frame = 0
 114              		@ frame_needed = 1, uses_anonymous_args = 0
ARM GAS  C:\Users\BIOMIM~1\AppData\Local\Temp\ccgR3hMQ.s 			page 5


 115 0000 80B5     		push	{r7, lr}
 116              	.LCFI5:
 117              		.cfi_def_cfa_offset 8
 118              		.cfi_offset 7, -8
 119              		.cfi_offset 14, -4
 120 0002 00AF     		add	r7, sp, #0
 121              	.LCFI6:
 122              		.cfi_def_cfa_register 7
 115:.\Generated_Source\PSoC5/QuadDec_4.c ****     #if (QuadDec_4_COUNTER_SIZE == QuadDec_4_COUNTER_SIZE_8_BIT)
 116:.\Generated_Source\PSoC5/QuadDec_4.c ****         QuadDec_4_Cnt8_Start();
 117:.\Generated_Source\PSoC5/QuadDec_4.c ****         QuadDec_4_Cnt8_WriteCounter(QuadDec_4_COUNTER_INIT_VALUE);
 118:.\Generated_Source\PSoC5/QuadDec_4.c ****     #else 
 119:.\Generated_Source\PSoC5/QuadDec_4.c ****         /* (QuadDec_4_COUNTER_SIZE == QuadDec_4_COUNTER_SIZE_16_BIT) || 
 120:.\Generated_Source\PSoC5/QuadDec_4.c ****         *  (QuadDec_4_COUNTER_SIZE == QuadDec_4_COUNTER_SIZE_32_BIT) 
 121:.\Generated_Source\PSoC5/QuadDec_4.c ****         */
 122:.\Generated_Source\PSoC5/QuadDec_4.c ****         QuadDec_4_Cnt16_Start();
 123              		.loc 1 122 0
 124 0004 FFF7FEFF 		bl	QuadDec_4_Cnt16_Start
 123:.\Generated_Source\PSoC5/QuadDec_4.c ****         QuadDec_4_Cnt16_WriteCounter(QuadDec_4_COUNTER_INIT_VALUE);
 125              		.loc 1 123 0
 126 0008 4FF40040 		mov	r0, #32768
 127 000c FFF7FEFF 		bl	QuadDec_4_Cnt16_WriteCounter
 124:.\Generated_Source\PSoC5/QuadDec_4.c ****     #endif /* QuadDec_4_COUNTER_SIZE == QuadDec_4_COUNTER_SIZE_8_BIT */
 125:.\Generated_Source\PSoC5/QuadDec_4.c **** 
 126:.\Generated_Source\PSoC5/QuadDec_4.c ****     if (QuadDec_4_initVar == 0u)
 128              		.loc 1 126 0
 129 0010 40F20003 		movw	r3, #:lower16:QuadDec_4_initVar
 130 0014 C0F20003 		movt	r3, #:upper16:QuadDec_4_initVar
 131 0018 1B78     		ldrb	r3, [r3, #0]	@ zero_extendqisi2
 132 001a 002B     		cmp	r3, #0
 133 001c 08D1     		bne	.L4
 127:.\Generated_Source\PSoC5/QuadDec_4.c ****     {
 128:.\Generated_Source\PSoC5/QuadDec_4.c ****         QuadDec_4_Init();
 134              		.loc 1 128 0
 135 001e FFF7FEFF 		bl	QuadDec_4_Init
 129:.\Generated_Source\PSoC5/QuadDec_4.c ****         QuadDec_4_initVar = 1u;
 136              		.loc 1 129 0
 137 0022 40F20003 		movw	r3, #:lower16:QuadDec_4_initVar
 138 0026 C0F20003 		movt	r3, #:upper16:QuadDec_4_initVar
 139 002a 4FF00102 		mov	r2, #1
 140 002e 1A70     		strb	r2, [r3, #0]
 141              	.L4:
 130:.\Generated_Source\PSoC5/QuadDec_4.c ****     }
 131:.\Generated_Source\PSoC5/QuadDec_4.c **** 
 132:.\Generated_Source\PSoC5/QuadDec_4.c ****     QuadDec_4_Enable();
 142              		.loc 1 132 0
 143 0030 FFF7FEFF 		bl	QuadDec_4_Enable
 133:.\Generated_Source\PSoC5/QuadDec_4.c **** }
 144              		.loc 1 133 0
 145 0034 80BD     		pop	{r7, pc}
 146              		.cfi_endproc
 147              	.LFE2:
 148              		.size	QuadDec_4_Start, .-QuadDec_4_Start
 149 0036 00BF     		.section	.text.QuadDec_4_Stop,"ax",%progbits
 150              		.align	2
 151              		.global	QuadDec_4_Stop
 152              		.thumb
ARM GAS  C:\Users\BIOMIM~1\AppData\Local\Temp\ccgR3hMQ.s 			page 6


 153              		.thumb_func
 154              		.type	QuadDec_4_Stop, %function
 155              	QuadDec_4_Stop:
 156              	.LFB3:
 134:.\Generated_Source\PSoC5/QuadDec_4.c **** 
 135:.\Generated_Source\PSoC5/QuadDec_4.c **** 
 136:.\Generated_Source\PSoC5/QuadDec_4.c **** /*******************************************************************************
 137:.\Generated_Source\PSoC5/QuadDec_4.c **** * Function Name: QuadDec_4_Stop
 138:.\Generated_Source\PSoC5/QuadDec_4.c **** ********************************************************************************
 139:.\Generated_Source\PSoC5/QuadDec_4.c **** *
 140:.\Generated_Source\PSoC5/QuadDec_4.c **** * Summary:
 141:.\Generated_Source\PSoC5/QuadDec_4.c **** *  Turns off UDBs and other relevant hardware.
 142:.\Generated_Source\PSoC5/QuadDec_4.c **** *
 143:.\Generated_Source\PSoC5/QuadDec_4.c **** * Parameters:
 144:.\Generated_Source\PSoC5/QuadDec_4.c **** *  None.
 145:.\Generated_Source\PSoC5/QuadDec_4.c **** *
 146:.\Generated_Source\PSoC5/QuadDec_4.c **** * Return:
 147:.\Generated_Source\PSoC5/QuadDec_4.c **** *  None.
 148:.\Generated_Source\PSoC5/QuadDec_4.c **** *
 149:.\Generated_Source\PSoC5/QuadDec_4.c **** *******************************************************************************/
 150:.\Generated_Source\PSoC5/QuadDec_4.c **** void QuadDec_4_Stop(void) 
 151:.\Generated_Source\PSoC5/QuadDec_4.c **** {
 157              		.loc 1 151 0
 158              		.cfi_startproc
 159              		@ args = 0, pretend = 0, frame = 8
 160              		@ frame_needed = 1, uses_anonymous_args = 0
 161 0000 80B5     		push	{r7, lr}
 162              	.LCFI7:
 163              		.cfi_def_cfa_offset 8
 164              		.cfi_offset 7, -8
 165              		.cfi_offset 14, -4
 166 0002 82B0     		sub	sp, sp, #8
 167              	.LCFI8:
 168              		.cfi_def_cfa_offset 16
 169 0004 00AF     		add	r7, sp, #0
 170              	.LCFI9:
 171              		.cfi_def_cfa_register 7
 152:.\Generated_Source\PSoC5/QuadDec_4.c ****     uint8 enableInterrupts;
 153:.\Generated_Source\PSoC5/QuadDec_4.c **** 
 154:.\Generated_Source\PSoC5/QuadDec_4.c ****     #if (QuadDec_4_COUNTER_SIZE == QuadDec_4_COUNTER_SIZE_8_BIT)
 155:.\Generated_Source\PSoC5/QuadDec_4.c ****         QuadDec_4_Cnt8_Stop();
 156:.\Generated_Source\PSoC5/QuadDec_4.c ****     #else 
 157:.\Generated_Source\PSoC5/QuadDec_4.c ****         /* (QuadDec_4_COUNTER_SIZE == QuadDec_4_COUNTER_SIZE_16_BIT) ||
 158:.\Generated_Source\PSoC5/QuadDec_4.c ****         *  (QuadDec_4_COUNTER_SIZE == QuadDec_4_COUNTER_SIZE_32_BIT)
 159:.\Generated_Source\PSoC5/QuadDec_4.c ****         */
 160:.\Generated_Source\PSoC5/QuadDec_4.c ****         QuadDec_4_Cnt16_Stop();    /* counter disable */
 172              		.loc 1 160 0
 173 0006 FFF7FEFF 		bl	QuadDec_4_Cnt16_Stop
 161:.\Generated_Source\PSoC5/QuadDec_4.c ****     #endif /* (QuadDec_4_COUNTER_SIZE == QuadDec_4_COUNTER_SIZE_8_BIT) */
 162:.\Generated_Source\PSoC5/QuadDec_4.c ****  
 163:.\Generated_Source\PSoC5/QuadDec_4.c ****     enableInterrupts = CyEnterCriticalSection();
 174              		.loc 1 163 0
 175 000a FFF7FEFF 		bl	CyEnterCriticalSection
 176 000e 0346     		mov	r3, r0
 177 0010 FB71     		strb	r3, [r7, #7]
 164:.\Generated_Source\PSoC5/QuadDec_4.c **** 
 165:.\Generated_Source\PSoC5/QuadDec_4.c ****     /* Disable interrupts interrupts from Statusi register */
ARM GAS  C:\Users\BIOMIM~1\AppData\Local\Temp\ccgR3hMQ.s 			page 7


 166:.\Generated_Source\PSoC5/QuadDec_4.c ****     QuadDec_4_SR_AUX_CONTROL &= (uint8) (~QuadDec_4_INTERRUPTS_ENABLE);
 178              		.loc 1 166 0
 179 0012 46F29643 		movw	r3, #25750
 180 0016 C4F20003 		movt	r3, 16384
 181 001a 46F29642 		movw	r2, #25750
 182 001e C4F20002 		movt	r2, 16384
 183 0022 1278     		ldrb	r2, [r2, #0]
 184 0024 D2B2     		uxtb	r2, r2
 185 0026 22F01002 		bic	r2, r2, #16
 186 002a D2B2     		uxtb	r2, r2
 187 002c 1A70     		strb	r2, [r3, #0]
 167:.\Generated_Source\PSoC5/QuadDec_4.c **** 
 168:.\Generated_Source\PSoC5/QuadDec_4.c ****     CyExitCriticalSection(enableInterrupts);
 188              		.loc 1 168 0
 189 002e FB79     		ldrb	r3, [r7, #7]	@ zero_extendqisi2
 190 0030 1846     		mov	r0, r3
 191 0032 FFF7FEFF 		bl	CyExitCriticalSection
 169:.\Generated_Source\PSoC5/QuadDec_4.c **** 
 170:.\Generated_Source\PSoC5/QuadDec_4.c ****     #if (QuadDec_4_COUNTER_SIZE == QuadDec_4_COUNTER_SIZE_32_BIT)
 171:.\Generated_Source\PSoC5/QuadDec_4.c ****         CyIntDisable(QuadDec_4_ISR_NUMBER);    /* interrupt disable */
 172:.\Generated_Source\PSoC5/QuadDec_4.c ****     #endif /* QuadDec_4_COUNTER_SIZE == QuadDec_4_COUNTER_SIZE_32_BIT */
 173:.\Generated_Source\PSoC5/QuadDec_4.c **** }
 192              		.loc 1 173 0
 193 0036 07F10807 		add	r7, r7, #8
 194 003a BD46     		mov	sp, r7
 195 003c 80BD     		pop	{r7, pc}
 196              		.cfi_endproc
 197              	.LFE3:
 198              		.size	QuadDec_4_Stop, .-QuadDec_4_Stop
 199 003e 00BF     		.section	.text.QuadDec_4_GetCounter,"ax",%progbits
 200              		.align	2
 201              		.global	QuadDec_4_GetCounter
 202              		.thumb
 203              		.thumb_func
 204              		.type	QuadDec_4_GetCounter, %function
 205              	QuadDec_4_GetCounter:
 206              	.LFB4:
 174:.\Generated_Source\PSoC5/QuadDec_4.c **** 
 175:.\Generated_Source\PSoC5/QuadDec_4.c **** 
 176:.\Generated_Source\PSoC5/QuadDec_4.c **** /*******************************************************************************
 177:.\Generated_Source\PSoC5/QuadDec_4.c **** * Function Name: QuadDec_4_GetCounter
 178:.\Generated_Source\PSoC5/QuadDec_4.c **** ********************************************************************************
 179:.\Generated_Source\PSoC5/QuadDec_4.c **** *
 180:.\Generated_Source\PSoC5/QuadDec_4.c **** * Summary:
 181:.\Generated_Source\PSoC5/QuadDec_4.c **** *  Reports the current value of the counter.
 182:.\Generated_Source\PSoC5/QuadDec_4.c **** *
 183:.\Generated_Source\PSoC5/QuadDec_4.c **** * Parameters:
 184:.\Generated_Source\PSoC5/QuadDec_4.c **** *  None.
 185:.\Generated_Source\PSoC5/QuadDec_4.c **** *
 186:.\Generated_Source\PSoC5/QuadDec_4.c **** * Return:
 187:.\Generated_Source\PSoC5/QuadDec_4.c **** *  The counter value. Return type is signed and per the counter size setting.
 188:.\Generated_Source\PSoC5/QuadDec_4.c **** *  A positive value indicates clockwise movement (B before A).
 189:.\Generated_Source\PSoC5/QuadDec_4.c **** *
 190:.\Generated_Source\PSoC5/QuadDec_4.c **** * Global variables:
 191:.\Generated_Source\PSoC5/QuadDec_4.c **** *  QuadDec_4_count32SoftPart - used to get hi 16 bit for current value
 192:.\Generated_Source\PSoC5/QuadDec_4.c **** *  of the 32-bit counter, when Counter size equal 32-bit.
 193:.\Generated_Source\PSoC5/QuadDec_4.c **** *
ARM GAS  C:\Users\BIOMIM~1\AppData\Local\Temp\ccgR3hMQ.s 			page 8


 194:.\Generated_Source\PSoC5/QuadDec_4.c **** *******************************************************************************/
 195:.\Generated_Source\PSoC5/QuadDec_4.c **** int16 QuadDec_4_GetCounter(void) 
 196:.\Generated_Source\PSoC5/QuadDec_4.c **** {
 207              		.loc 1 196 0
 208              		.cfi_startproc
 209              		@ args = 0, pretend = 0, frame = 8
 210              		@ frame_needed = 1, uses_anonymous_args = 0
 211 0000 80B5     		push	{r7, lr}
 212              	.LCFI10:
 213              		.cfi_def_cfa_offset 8
 214              		.cfi_offset 7, -8
 215              		.cfi_offset 14, -4
 216 0002 82B0     		sub	sp, sp, #8
 217              	.LCFI11:
 218              		.cfi_def_cfa_offset 16
 219 0004 00AF     		add	r7, sp, #0
 220              	.LCFI12:
 221              		.cfi_def_cfa_register 7
 197:.\Generated_Source\PSoC5/QuadDec_4.c ****     int16 count;
 198:.\Generated_Source\PSoC5/QuadDec_4.c ****     uint16 tmpCnt;
 199:.\Generated_Source\PSoC5/QuadDec_4.c **** 
 200:.\Generated_Source\PSoC5/QuadDec_4.c ****     #if (QuadDec_4_COUNTER_SIZE == QuadDec_4_COUNTER_SIZE_32_BIT)
 201:.\Generated_Source\PSoC5/QuadDec_4.c ****         int16 hwCount;
 202:.\Generated_Source\PSoC5/QuadDec_4.c **** 
 203:.\Generated_Source\PSoC5/QuadDec_4.c ****         CyIntDisable(QuadDec_4_ISR_NUMBER);
 204:.\Generated_Source\PSoC5/QuadDec_4.c **** 
 205:.\Generated_Source\PSoC5/QuadDec_4.c ****         tmpCnt = QuadDec_4_Cnt16_ReadCounter();
 206:.\Generated_Source\PSoC5/QuadDec_4.c ****         hwCount = (int16) ((int32) tmpCnt - (int32) QuadDec_4_COUNTER_INIT_VALUE);
 207:.\Generated_Source\PSoC5/QuadDec_4.c ****         count = QuadDec_4_count32SoftPart + hwCount;
 208:.\Generated_Source\PSoC5/QuadDec_4.c **** 
 209:.\Generated_Source\PSoC5/QuadDec_4.c ****         CyIntEnable(QuadDec_4_ISR_NUMBER);
 210:.\Generated_Source\PSoC5/QuadDec_4.c ****     #else 
 211:.\Generated_Source\PSoC5/QuadDec_4.c ****         /* (QuadDec_4_COUNTER_SIZE == QuadDec_4_COUNTER_SIZE_8_BIT) || 
 212:.\Generated_Source\PSoC5/QuadDec_4.c ****         *  (QuadDec_4_COUNTER_SIZE == QuadDec_4_COUNTER_SIZE_16_BIT)
 213:.\Generated_Source\PSoC5/QuadDec_4.c ****         */
 214:.\Generated_Source\PSoC5/QuadDec_4.c ****         #if (QuadDec_4_COUNTER_SIZE == QuadDec_4_COUNTER_SIZE_8_BIT)
 215:.\Generated_Source\PSoC5/QuadDec_4.c ****             tmpCnt = QuadDec_4_Cnt8_ReadCounter();
 216:.\Generated_Source\PSoC5/QuadDec_4.c ****         #else /* (QuadDec_4_COUNTER_SIZE == QuadDec_4_COUNTER_SIZE_16_BIT) */
 217:.\Generated_Source\PSoC5/QuadDec_4.c ****             tmpCnt = QuadDec_4_Cnt16_ReadCounter();
 222              		.loc 1 217 0
 223 0006 FFF7FEFF 		bl	QuadDec_4_Cnt16_ReadCounter
 224 000a 0346     		mov	r3, r0
 225 000c FB80     		strh	r3, [r7, #6]	@ movhi
 218:.\Generated_Source\PSoC5/QuadDec_4.c ****         #endif  /* QuadDec_4_COUNTER_SIZE == QuadDec_4_COUNTER_SIZE_8_BIT */
 219:.\Generated_Source\PSoC5/QuadDec_4.c **** 
 220:.\Generated_Source\PSoC5/QuadDec_4.c ****         count = (int16) ((int32) tmpCnt -
 226              		.loc 1 220 0
 227 000e FB88     		ldrh	r3, [r7, #6]	@ movhi
 228 0010 A3F50043 		sub	r3, r3, #32768
 229 0014 9BB2     		uxth	r3, r3
 230 0016 BB80     		strh	r3, [r7, #4]	@ movhi
 221:.\Generated_Source\PSoC5/QuadDec_4.c ****                 (int32) QuadDec_4_COUNTER_INIT_VALUE);
 222:.\Generated_Source\PSoC5/QuadDec_4.c **** 
 223:.\Generated_Source\PSoC5/QuadDec_4.c ****     #endif /* QuadDec_4_COUNTER_SIZE == QuadDec_4_COUNTER_SIZE_32_BIT */ 
 224:.\Generated_Source\PSoC5/QuadDec_4.c **** 
 225:.\Generated_Source\PSoC5/QuadDec_4.c ****     return (count);
 231              		.loc 1 225 0
ARM GAS  C:\Users\BIOMIM~1\AppData\Local\Temp\ccgR3hMQ.s 			page 9


 232 0018 BB88     		ldrh	r3, [r7, #4]
 233 001a 1BB2     		sxth	r3, r3
 226:.\Generated_Source\PSoC5/QuadDec_4.c **** }
 234              		.loc 1 226 0
 235 001c 1846     		mov	r0, r3
 236 001e 07F10807 		add	r7, r7, #8
 237 0022 BD46     		mov	sp, r7
 238 0024 80BD     		pop	{r7, pc}
 239              		.cfi_endproc
 240              	.LFE4:
 241              		.size	QuadDec_4_GetCounter, .-QuadDec_4_GetCounter
 242 0026 00BF     		.section	.text.QuadDec_4_SetCounter,"ax",%progbits
 243              		.align	2
 244              		.global	QuadDec_4_SetCounter
 245              		.thumb
 246              		.thumb_func
 247              		.type	QuadDec_4_SetCounter, %function
 248              	QuadDec_4_SetCounter:
 249              	.LFB5:
 227:.\Generated_Source\PSoC5/QuadDec_4.c **** 
 228:.\Generated_Source\PSoC5/QuadDec_4.c **** 
 229:.\Generated_Source\PSoC5/QuadDec_4.c **** /*******************************************************************************
 230:.\Generated_Source\PSoC5/QuadDec_4.c **** * Function Name: QuadDec_4_SetCounter
 231:.\Generated_Source\PSoC5/QuadDec_4.c **** ********************************************************************************
 232:.\Generated_Source\PSoC5/QuadDec_4.c **** *
 233:.\Generated_Source\PSoC5/QuadDec_4.c **** * Summary:
 234:.\Generated_Source\PSoC5/QuadDec_4.c **** *  Sets the current value of the counter.
 235:.\Generated_Source\PSoC5/QuadDec_4.c **** *
 236:.\Generated_Source\PSoC5/QuadDec_4.c **** * Parameters:
 237:.\Generated_Source\PSoC5/QuadDec_4.c **** *  value:  The new value. Parameter type is signed and per the counter size
 238:.\Generated_Source\PSoC5/QuadDec_4.c **** *  setting.
 239:.\Generated_Source\PSoC5/QuadDec_4.c **** *
 240:.\Generated_Source\PSoC5/QuadDec_4.c **** * Return:
 241:.\Generated_Source\PSoC5/QuadDec_4.c **** *  None.
 242:.\Generated_Source\PSoC5/QuadDec_4.c **** *
 243:.\Generated_Source\PSoC5/QuadDec_4.c **** * Global variables:
 244:.\Generated_Source\PSoC5/QuadDec_4.c **** *  QuadDec_4_count32SoftPart - modified to set hi 16 bit for current
 245:.\Generated_Source\PSoC5/QuadDec_4.c **** *  value of the 32-bit counter, when Counter size equal 32-bit.
 246:.\Generated_Source\PSoC5/QuadDec_4.c **** *
 247:.\Generated_Source\PSoC5/QuadDec_4.c **** * Reentrant:
 248:.\Generated_Source\PSoC5/QuadDec_4.c **** *  No.
 249:.\Generated_Source\PSoC5/QuadDec_4.c **** *
 250:.\Generated_Source\PSoC5/QuadDec_4.c **** *******************************************************************************/
 251:.\Generated_Source\PSoC5/QuadDec_4.c **** void QuadDec_4_SetCounter(int16 value) 
 252:.\Generated_Source\PSoC5/QuadDec_4.c **** {
 250              		.loc 1 252 0
 251              		.cfi_startproc
 252              		@ args = 0, pretend = 0, frame = 16
 253              		@ frame_needed = 1, uses_anonymous_args = 0
 254 0000 80B5     		push	{r7, lr}
 255              	.LCFI13:
 256              		.cfi_def_cfa_offset 8
 257              		.cfi_offset 7, -8
 258              		.cfi_offset 14, -4
 259 0002 84B0     		sub	sp, sp, #16
 260              	.LCFI14:
 261              		.cfi_def_cfa_offset 24
ARM GAS  C:\Users\BIOMIM~1\AppData\Local\Temp\ccgR3hMQ.s 			page 10


 262 0004 00AF     		add	r7, sp, #0
 263              	.LCFI15:
 264              		.cfi_def_cfa_register 7
 265 0006 0346     		mov	r3, r0
 266 0008 FB80     		strh	r3, [r7, #6]	@ movhi
 253:.\Generated_Source\PSoC5/QuadDec_4.c ****     #if ((QuadDec_4_COUNTER_SIZE == QuadDec_4_COUNTER_SIZE_8_BIT) || \
 254:.\Generated_Source\PSoC5/QuadDec_4.c ****          (QuadDec_4_COUNTER_SIZE == QuadDec_4_COUNTER_SIZE_16_BIT))
 255:.\Generated_Source\PSoC5/QuadDec_4.c ****         uint16 count;
 256:.\Generated_Source\PSoC5/QuadDec_4.c ****         
 257:.\Generated_Source\PSoC5/QuadDec_4.c ****         if (value >= 0)
 267              		.loc 1 257 0
 268 000a B7F90630 		ldrsh	r3, [r7, #6]
 269 000e 002B     		cmp	r3, #0
 270 0010 04DB     		blt	.L9
 258:.\Generated_Source\PSoC5/QuadDec_4.c ****         {
 259:.\Generated_Source\PSoC5/QuadDec_4.c ****             count = (uint16) value + QuadDec_4_COUNTER_INIT_VALUE;
 271              		.loc 1 259 0
 272 0012 FB88     		ldrh	r3, [r7, #6]
 273 0014 A3F50043 		sub	r3, r3, #32768
 274 0018 FB81     		strh	r3, [r7, #14]	@ movhi
 275 001a 03E0     		b	.L10
 276              	.L9:
 260:.\Generated_Source\PSoC5/QuadDec_4.c ****         }
 261:.\Generated_Source\PSoC5/QuadDec_4.c ****         else
 262:.\Generated_Source\PSoC5/QuadDec_4.c ****         {
 263:.\Generated_Source\PSoC5/QuadDec_4.c ****             count = (uint16) (-value);
 277              		.loc 1 263 0
 278 001c FB88     		ldrh	r3, [r7, #6]
 279 001e C3F10003 		rsb	r3, r3, #0
 280 0022 FB81     		strh	r3, [r7, #14]	@ movhi
 281              	.L10:
 264:.\Generated_Source\PSoC5/QuadDec_4.c ****         }
 265:.\Generated_Source\PSoC5/QuadDec_4.c ****         #if (QuadDec_4_COUNTER_SIZE == QuadDec_4_COUNTER_SIZE_8_BIT)
 266:.\Generated_Source\PSoC5/QuadDec_4.c ****             QuadDec_4_Cnt8_WriteCounter(count);
 267:.\Generated_Source\PSoC5/QuadDec_4.c ****         #else /* (QuadDec_4_COUNTER_SIZE == QuadDec_4_COUNTER_SIZE_16_BIT) */
 268:.\Generated_Source\PSoC5/QuadDec_4.c ****             QuadDec_4_Cnt16_WriteCounter(count);
 282              		.loc 1 268 0
 283 0024 FB89     		ldrh	r3, [r7, #14]
 284 0026 1846     		mov	r0, r3
 285 0028 FFF7FEFF 		bl	QuadDec_4_Cnt16_WriteCounter
 269:.\Generated_Source\PSoC5/QuadDec_4.c ****         #endif  /* QuadDec_4_COUNTER_SIZE == QuadDec_4_COUNTER_SIZE_8_BIT */
 270:.\Generated_Source\PSoC5/QuadDec_4.c ****     #else /* (QuadDec_4_COUNTER_SIZE == QuadDec_4_COUNTER_SIZE_32_BIT) */
 271:.\Generated_Source\PSoC5/QuadDec_4.c ****         CyIntDisable(QuadDec_4_ISR_NUMBER);
 272:.\Generated_Source\PSoC5/QuadDec_4.c **** 
 273:.\Generated_Source\PSoC5/QuadDec_4.c ****         QuadDec_4_Cnt16_WriteCounter(QuadDec_4_COUNTER_INIT_VALUE);
 274:.\Generated_Source\PSoC5/QuadDec_4.c ****         QuadDec_4_count32SoftPart = value;
 275:.\Generated_Source\PSoC5/QuadDec_4.c **** 
 276:.\Generated_Source\PSoC5/QuadDec_4.c ****         CyIntEnable(QuadDec_4_ISR_NUMBER);
 277:.\Generated_Source\PSoC5/QuadDec_4.c ****     #endif  /* (QuadDec_4_COUNTER_SIZE == QuadDec_4_COUNTER_SIZE_8_BIT) ||
 278:.\Generated_Source\PSoC5/QuadDec_4.c ****              * (QuadDec_4_COUNTER_SIZE == QuadDec_4_COUNTER_SIZE_16_BIT)
 279:.\Generated_Source\PSoC5/QuadDec_4.c ****              */
 280:.\Generated_Source\PSoC5/QuadDec_4.c **** }
 286              		.loc 1 280 0
 287 002c 07F11007 		add	r7, r7, #16
 288 0030 BD46     		mov	sp, r7
 289 0032 80BD     		pop	{r7, pc}
 290              		.cfi_endproc
ARM GAS  C:\Users\BIOMIM~1\AppData\Local\Temp\ccgR3hMQ.s 			page 11


 291              	.LFE5:
 292              		.size	QuadDec_4_SetCounter, .-QuadDec_4_SetCounter
 293              		.section	.text.QuadDec_4_GetEvents,"ax",%progbits
 294              		.align	2
 295              		.global	QuadDec_4_GetEvents
 296              		.thumb
 297              		.thumb_func
 298              		.type	QuadDec_4_GetEvents, %function
 299              	QuadDec_4_GetEvents:
 300              	.LFB6:
 281:.\Generated_Source\PSoC5/QuadDec_4.c **** 
 282:.\Generated_Source\PSoC5/QuadDec_4.c **** 
 283:.\Generated_Source\PSoC5/QuadDec_4.c **** /*******************************************************************************
 284:.\Generated_Source\PSoC5/QuadDec_4.c **** * Function Name: QuadDec_4_GetEvents
 285:.\Generated_Source\PSoC5/QuadDec_4.c **** ********************************************************************************
 286:.\Generated_Source\PSoC5/QuadDec_4.c **** * 
 287:.\Generated_Source\PSoC5/QuadDec_4.c **** * Summary:
 288:.\Generated_Source\PSoC5/QuadDec_4.c **** *   Reports the current status of events. This function clears the bits of the 
 289:.\Generated_Source\PSoC5/QuadDec_4.c **** *   status register.
 290:.\Generated_Source\PSoC5/QuadDec_4.c **** *
 291:.\Generated_Source\PSoC5/QuadDec_4.c **** * Parameters:
 292:.\Generated_Source\PSoC5/QuadDec_4.c **** *  None.
 293:.\Generated_Source\PSoC5/QuadDec_4.c **** *
 294:.\Generated_Source\PSoC5/QuadDec_4.c **** * Return:
 295:.\Generated_Source\PSoC5/QuadDec_4.c **** *  The events, as bits in an unsigned 8-bit value:
 296:.\Generated_Source\PSoC5/QuadDec_4.c **** *    Bit      Description
 297:.\Generated_Source\PSoC5/QuadDec_4.c **** *     0        Counter overflow.
 298:.\Generated_Source\PSoC5/QuadDec_4.c **** *     1        Counter underflow.
 299:.\Generated_Source\PSoC5/QuadDec_4.c **** *     2        Counter reset due to index, if index input is used.
 300:.\Generated_Source\PSoC5/QuadDec_4.c **** *     3        Invalid A, B inputs state transition.
 301:.\Generated_Source\PSoC5/QuadDec_4.c **** *
 302:.\Generated_Source\PSoC5/QuadDec_4.c **** *******************************************************************************/
 303:.\Generated_Source\PSoC5/QuadDec_4.c **** uint8 QuadDec_4_GetEvents(void) 
 304:.\Generated_Source\PSoC5/QuadDec_4.c **** {
 301              		.loc 1 304 0
 302              		.cfi_startproc
 303              		@ args = 0, pretend = 0, frame = 0
 304              		@ frame_needed = 1, uses_anonymous_args = 0
 305              		@ link register save eliminated.
 306 0000 80B4     		push	{r7}
 307              	.LCFI16:
 308              		.cfi_def_cfa_offset 4
 309              		.cfi_offset 7, -4
 310 0002 00AF     		add	r7, sp, #0
 311              	.LCFI17:
 312              		.cfi_def_cfa_register 7
 305:.\Generated_Source\PSoC5/QuadDec_4.c ****     return (QuadDec_4_STATUS_REG & QuadDec_4_INIT_INT_MASK);
 313              		.loc 1 305 0
 314 0004 46F26643 		movw	r3, #25702
 315 0008 C4F20003 		movt	r3, 16384
 316 000c 1B78     		ldrb	r3, [r3, #0]
 317 000e DBB2     		uxtb	r3, r3
 318 0010 03F00F03 		and	r3, r3, #15
 319 0014 DBB2     		uxtb	r3, r3
 306:.\Generated_Source\PSoC5/QuadDec_4.c **** }
 320              		.loc 1 306 0
 321 0016 1846     		mov	r0, r3
ARM GAS  C:\Users\BIOMIM~1\AppData\Local\Temp\ccgR3hMQ.s 			page 12


 322 0018 BD46     		mov	sp, r7
 323 001a 80BC     		pop	{r7}
 324 001c 7047     		bx	lr
 325              		.cfi_endproc
 326              	.LFE6:
 327              		.size	QuadDec_4_GetEvents, .-QuadDec_4_GetEvents
 328 001e 00BF     		.section	.text.QuadDec_4_SetInterruptMask,"ax",%progbits
 329              		.align	2
 330              		.global	QuadDec_4_SetInterruptMask
 331              		.thumb
 332              		.thumb_func
 333              		.type	QuadDec_4_SetInterruptMask, %function
 334              	QuadDec_4_SetInterruptMask:
 335              	.LFB7:
 307:.\Generated_Source\PSoC5/QuadDec_4.c **** 
 308:.\Generated_Source\PSoC5/QuadDec_4.c **** 
 309:.\Generated_Source\PSoC5/QuadDec_4.c **** /*******************************************************************************
 310:.\Generated_Source\PSoC5/QuadDec_4.c **** * Function Name: QuadDec_4_SetInterruptMask
 311:.\Generated_Source\PSoC5/QuadDec_4.c **** ********************************************************************************
 312:.\Generated_Source\PSoC5/QuadDec_4.c **** *
 313:.\Generated_Source\PSoC5/QuadDec_4.c **** * Summary:
 314:.\Generated_Source\PSoC5/QuadDec_4.c **** *  Enables / disables interrupts due to the events.
 315:.\Generated_Source\PSoC5/QuadDec_4.c **** *  For the 32-bit counter, the overflow, underflow and reset interrupts cannot
 316:.\Generated_Source\PSoC5/QuadDec_4.c **** *  be disabled, these bits are ignored.
 317:.\Generated_Source\PSoC5/QuadDec_4.c **** *
 318:.\Generated_Source\PSoC5/QuadDec_4.c **** * Parameters:
 319:.\Generated_Source\PSoC5/QuadDec_4.c **** *  mask: Enable / disable bits in an 8-bit value, where 1 enables the interrupt.
 320:.\Generated_Source\PSoC5/QuadDec_4.c **** *
 321:.\Generated_Source\PSoC5/QuadDec_4.c **** * Return:
 322:.\Generated_Source\PSoC5/QuadDec_4.c **** *  None.
 323:.\Generated_Source\PSoC5/QuadDec_4.c **** *
 324:.\Generated_Source\PSoC5/QuadDec_4.c **** *******************************************************************************/
 325:.\Generated_Source\PSoC5/QuadDec_4.c **** void QuadDec_4_SetInterruptMask(uint8 mask) 
 326:.\Generated_Source\PSoC5/QuadDec_4.c **** {
 336              		.loc 1 326 0
 337              		.cfi_startproc
 338              		@ args = 0, pretend = 0, frame = 8
 339              		@ frame_needed = 1, uses_anonymous_args = 0
 340              		@ link register save eliminated.
 341 0000 80B4     		push	{r7}
 342              	.LCFI18:
 343              		.cfi_def_cfa_offset 4
 344              		.cfi_offset 7, -4
 345 0002 83B0     		sub	sp, sp, #12
 346              	.LCFI19:
 347              		.cfi_def_cfa_offset 16
 348 0004 00AF     		add	r7, sp, #0
 349              	.LCFI20:
 350              		.cfi_def_cfa_register 7
 351 0006 0346     		mov	r3, r0
 352 0008 FB71     		strb	r3, [r7, #7]
 327:.\Generated_Source\PSoC5/QuadDec_4.c ****     #if (QuadDec_4_COUNTER_SIZE == QuadDec_4_COUNTER_SIZE_32_BIT)
 328:.\Generated_Source\PSoC5/QuadDec_4.c ****         /* Underflow, Overflow and Reset interrupts for 32-bit Counter are always enable */
 329:.\Generated_Source\PSoC5/QuadDec_4.c ****         mask |= (QuadDec_4_COUNTER_OVERFLOW | QuadDec_4_COUNTER_UNDERFLOW |
 330:.\Generated_Source\PSoC5/QuadDec_4.c ****                  QuadDec_4_COUNTER_RESET);
 331:.\Generated_Source\PSoC5/QuadDec_4.c ****     #endif /* QuadDec_4_COUNTER_SIZE == QuadDec_4_COUNTER_SIZE_32_BIT */
 332:.\Generated_Source\PSoC5/QuadDec_4.c **** 
ARM GAS  C:\Users\BIOMIM~1\AppData\Local\Temp\ccgR3hMQ.s 			page 13


 333:.\Generated_Source\PSoC5/QuadDec_4.c ****     QuadDec_4_STATUS_MASK = mask;
 353              		.loc 1 333 0
 354 000a 46F28643 		movw	r3, #25734
 355 000e C4F20003 		movt	r3, 16384
 356 0012 FA79     		ldrb	r2, [r7, #7]
 357 0014 1A70     		strb	r2, [r3, #0]
 334:.\Generated_Source\PSoC5/QuadDec_4.c **** }
 358              		.loc 1 334 0
 359 0016 07F10C07 		add	r7, r7, #12
 360 001a BD46     		mov	sp, r7
 361 001c 80BC     		pop	{r7}
 362 001e 7047     		bx	lr
 363              		.cfi_endproc
 364              	.LFE7:
 365              		.size	QuadDec_4_SetInterruptMask, .-QuadDec_4_SetInterruptMask
 366              		.section	.text.QuadDec_4_GetInterruptMask,"ax",%progbits
 367              		.align	2
 368              		.global	QuadDec_4_GetInterruptMask
 369              		.thumb
 370              		.thumb_func
 371              		.type	QuadDec_4_GetInterruptMask, %function
 372              	QuadDec_4_GetInterruptMask:
 373              	.LFB8:
 335:.\Generated_Source\PSoC5/QuadDec_4.c **** 
 336:.\Generated_Source\PSoC5/QuadDec_4.c **** 
 337:.\Generated_Source\PSoC5/QuadDec_4.c **** /*******************************************************************************
 338:.\Generated_Source\PSoC5/QuadDec_4.c **** * Function Name: QuadDec_4_GetInterruptMask
 339:.\Generated_Source\PSoC5/QuadDec_4.c **** ********************************************************************************
 340:.\Generated_Source\PSoC5/QuadDec_4.c **** *
 341:.\Generated_Source\PSoC5/QuadDec_4.c **** * Summary:
 342:.\Generated_Source\PSoC5/QuadDec_4.c **** *  Reports the current interrupt mask settings.
 343:.\Generated_Source\PSoC5/QuadDec_4.c **** *
 344:.\Generated_Source\PSoC5/QuadDec_4.c **** * Parameters:
 345:.\Generated_Source\PSoC5/QuadDec_4.c **** *  None.
 346:.\Generated_Source\PSoC5/QuadDec_4.c **** *
 347:.\Generated_Source\PSoC5/QuadDec_4.c **** * Return:
 348:.\Generated_Source\PSoC5/QuadDec_4.c **** *  Enable / disable bits in an 8-bit value, where 1 enables the interrupt.
 349:.\Generated_Source\PSoC5/QuadDec_4.c **** *  For the 32-bit counter, the overflow, underflow and reset enable bits are
 350:.\Generated_Source\PSoC5/QuadDec_4.c **** *  always set.
 351:.\Generated_Source\PSoC5/QuadDec_4.c **** *
 352:.\Generated_Source\PSoC5/QuadDec_4.c **** *******************************************************************************/
 353:.\Generated_Source\PSoC5/QuadDec_4.c **** uint8 QuadDec_4_GetInterruptMask(void) 
 354:.\Generated_Source\PSoC5/QuadDec_4.c **** {
 374              		.loc 1 354 0
 375              		.cfi_startproc
 376              		@ args = 0, pretend = 0, frame = 0
 377              		@ frame_needed = 1, uses_anonymous_args = 0
 378              		@ link register save eliminated.
 379 0000 80B4     		push	{r7}
 380              	.LCFI21:
 381              		.cfi_def_cfa_offset 4
 382              		.cfi_offset 7, -4
 383 0002 00AF     		add	r7, sp, #0
 384              	.LCFI22:
 385              		.cfi_def_cfa_register 7
 355:.\Generated_Source\PSoC5/QuadDec_4.c ****     return (QuadDec_4_STATUS_MASK & QuadDec_4_INIT_INT_MASK);
 386              		.loc 1 355 0
ARM GAS  C:\Users\BIOMIM~1\AppData\Local\Temp\ccgR3hMQ.s 			page 14


 387 0004 46F28643 		movw	r3, #25734
 388 0008 C4F20003 		movt	r3, 16384
 389 000c 1B78     		ldrb	r3, [r3, #0]
 390 000e DBB2     		uxtb	r3, r3
 391 0010 03F00F03 		and	r3, r3, #15
 392 0014 DBB2     		uxtb	r3, r3
 356:.\Generated_Source\PSoC5/QuadDec_4.c **** }
 393              		.loc 1 356 0
 394 0016 1846     		mov	r0, r3
 395 0018 BD46     		mov	sp, r7
 396 001a 80BC     		pop	{r7}
 397 001c 7047     		bx	lr
 398              		.cfi_endproc
 399              	.LFE8:
 400              		.size	QuadDec_4_GetInterruptMask, .-QuadDec_4_GetInterruptMask
 401 001e 00BF     		.text
 402              	.Letext0:
 403              		.file 2 ".\\Generated_Source\\PSoC5\\cytypes.h"
 404              		.section	.debug_info,"",%progbits
 405              	.Ldebug_info0:
 406 0000 27020000 		.4byte	0x227
 407 0004 0200     		.2byte	0x2
 408 0006 00000000 		.4byte	.Ldebug_abbrev0
 409 000a 04       		.byte	0x4
 410 000b 01       		.uleb128 0x1
 411 000c E6010000 		.4byte	.LASF31
 412 0010 01       		.byte	0x1
 413 0011 8F010000 		.4byte	.LASF32
 414 0015 E9000000 		.4byte	.LASF33
 415 0019 00000000 		.4byte	.Ldebug_ranges0+0
 416 001d 00000000 		.4byte	0
 417 0021 00000000 		.4byte	0
 418 0025 00000000 		.4byte	.Ldebug_line0
 419 0029 02       		.uleb128 0x2
 420 002a 01       		.byte	0x1
 421 002b 06       		.byte	0x6
 422 002c 62020000 		.4byte	.LASF0
 423 0030 02       		.uleb128 0x2
 424 0031 01       		.byte	0x1
 425 0032 08       		.byte	0x8
 426 0033 5F000000 		.4byte	.LASF1
 427 0037 02       		.uleb128 0x2
 428 0038 02       		.byte	0x2
 429 0039 05       		.byte	0x5
 430 003a DF000000 		.4byte	.LASF2
 431 003e 02       		.uleb128 0x2
 432 003f 02       		.byte	0x2
 433 0040 07       		.byte	0x7
 434 0041 27000000 		.4byte	.LASF3
 435 0045 03       		.uleb128 0x3
 436 0046 04       		.byte	0x4
 437 0047 05       		.byte	0x5
 438 0048 696E7400 		.ascii	"int\000"
 439 004c 02       		.uleb128 0x2
 440 004d 04       		.byte	0x4
 441 004e 07       		.byte	0x7
 442 004f 45010000 		.4byte	.LASF4
ARM GAS  C:\Users\BIOMIM~1\AppData\Local\Temp\ccgR3hMQ.s 			page 15


 443 0053 02       		.uleb128 0x2
 444 0054 08       		.byte	0x8
 445 0055 05       		.byte	0x5
 446 0056 81010000 		.4byte	.LASF5
 447 005a 02       		.uleb128 0x2
 448 005b 08       		.byte	0x8
 449 005c 07       		.byte	0x7
 450 005d 52010000 		.4byte	.LASF6
 451 0061 02       		.uleb128 0x2
 452 0062 04       		.byte	0x4
 453 0063 05       		.byte	0x5
 454 0064 40020000 		.4byte	.LASF7
 455 0068 02       		.uleb128 0x2
 456 0069 04       		.byte	0x4
 457 006a 07       		.byte	0x7
 458 006b 78010000 		.4byte	.LASF8
 459 006f 02       		.uleb128 0x2
 460 0070 04       		.byte	0x4
 461 0071 07       		.byte	0x7
 462 0072 78000000 		.4byte	.LASF9
 463 0076 02       		.uleb128 0x2
 464 0077 01       		.byte	0x1
 465 0078 08       		.byte	0x8
 466 0079 49020000 		.4byte	.LASF10
 467 007d 04       		.uleb128 0x4
 468 007e E0010000 		.4byte	.LASF11
 469 0082 02       		.byte	0x2
 470 0083 5B       		.byte	0x5b
 471 0084 30000000 		.4byte	0x30
 472 0088 04       		.uleb128 0x4
 473 0089 3E010000 		.4byte	.LASF12
 474 008d 02       		.byte	0x2
 475 008e 5C       		.byte	0x5c
 476 008f 3E000000 		.4byte	0x3e
 477 0093 04       		.uleb128 0x4
 478 0094 72000000 		.4byte	.LASF13
 479 0098 02       		.byte	0x2
 480 0099 5F       		.byte	0x5f
 481 009a 37000000 		.4byte	0x37
 482 009e 04       		.uleb128 0x4
 483 009f 8A000000 		.4byte	.LASF14
 484 00a3 02       		.byte	0x2
 485 00a4 60       		.byte	0x60
 486 00a5 61000000 		.4byte	0x61
 487 00a9 02       		.uleb128 0x2
 488 00aa 04       		.byte	0x4
 489 00ab 04       		.byte	0x4
 490 00ac 49000000 		.4byte	.LASF15
 491 00b0 02       		.uleb128 0x2
 492 00b1 08       		.byte	0x8
 493 00b2 04       		.byte	0x4
 494 00b3 C3000000 		.4byte	.LASF16
 495 00b7 04       		.uleb128 0x4
 496 00b8 6D000000 		.4byte	.LASF17
 497 00bc 02       		.byte	0x2
 498 00bd F0       		.byte	0xf0
 499 00be C2000000 		.4byte	0xc2
ARM GAS  C:\Users\BIOMIM~1\AppData\Local\Temp\ccgR3hMQ.s 			page 16


 500 00c2 05       		.uleb128 0x5
 501 00c3 7D000000 		.4byte	0x7d
 502 00c7 06       		.uleb128 0x6
 503 00c8 01       		.byte	0x1
 504 00c9 69010000 		.4byte	.LASF18
 505 00cd 01       		.byte	0x1
 506 00ce 2A       		.byte	0x2a
 507 00cf 01       		.byte	0x1
 508 00d0 00000000 		.4byte	.LFB0
 509 00d4 0A000000 		.4byte	.LFE0
 510 00d8 00000000 		.4byte	.LLST0
 511 00dc 01       		.byte	0x1
 512 00dd 07       		.uleb128 0x7
 513 00de 01       		.byte	0x1
 514 00df 2F020000 		.4byte	.LASF20
 515 00e3 01       		.byte	0x1
 516 00e4 46       		.byte	0x46
 517 00e5 01       		.byte	0x1
 518 00e6 00000000 		.4byte	.LFB1
 519 00ea 42000000 		.4byte	.LFE1
 520 00ee 2C000000 		.4byte	.LLST1
 521 00f2 01       		.byte	0x1
 522 00f3 06010000 		.4byte	0x106
 523 00f7 08       		.uleb128 0x8
 524 00f8 97000000 		.4byte	.LASF22
 525 00fc 01       		.byte	0x1
 526 00fd 48       		.byte	0x48
 527 00fe 7D000000 		.4byte	0x7d
 528 0102 02       		.byte	0x2
 529 0103 91       		.byte	0x91
 530 0104 77       		.sleb128 -9
 531 0105 00       		.byte	0
 532 0106 09       		.uleb128 0x9
 533 0107 01       		.byte	0x1
 534 0108 4F000000 		.4byte	.LASF19
 535 010c 01       		.byte	0x1
 536 010d 71       		.byte	0x71
 537 010e 01       		.byte	0x1
 538 010f 00000000 		.4byte	.LFB2
 539 0113 36000000 		.4byte	.LFE2
 540 0117 64000000 		.4byte	.LLST2
 541 011b 01       		.byte	0x1
 542 011c 07       		.uleb128 0x7
 543 011d 01       		.byte	0x1
 544 011e 3A000000 		.4byte	.LASF21
 545 0122 01       		.byte	0x1
 546 0123 96       		.byte	0x96
 547 0124 01       		.byte	0x1
 548 0125 00000000 		.4byte	.LFB3
 549 0129 3E000000 		.4byte	.LFE3
 550 012d 90000000 		.4byte	.LLST3
 551 0131 01       		.byte	0x1
 552 0132 45010000 		.4byte	0x145
 553 0136 08       		.uleb128 0x8
 554 0137 97000000 		.4byte	.LASF22
 555 013b 01       		.byte	0x1
 556 013c 98       		.byte	0x98
ARM GAS  C:\Users\BIOMIM~1\AppData\Local\Temp\ccgR3hMQ.s 			page 17


 557 013d 7D000000 		.4byte	0x7d
 558 0141 02       		.byte	0x2
 559 0142 91       		.byte	0x91
 560 0143 77       		.sleb128 -9
 561 0144 00       		.byte	0
 562 0145 0A       		.uleb128 0xa
 563 0146 01       		.byte	0x1
 564 0147 CA000000 		.4byte	.LASF34
 565 014b 01       		.byte	0x1
 566 014c C3       		.byte	0xc3
 567 014d 01       		.byte	0x1
 568 014e 93000000 		.4byte	0x93
 569 0152 00000000 		.4byte	.LFB4
 570 0156 26000000 		.4byte	.LFE4
 571 015a C8000000 		.4byte	.LLST4
 572 015e 01       		.byte	0x1
 573 015f 80010000 		.4byte	0x180
 574 0163 08       		.uleb128 0x8
 575 0164 06000000 		.4byte	.LASF23
 576 0168 01       		.byte	0x1
 577 0169 C5       		.byte	0xc5
 578 016a 93000000 		.4byte	0x93
 579 016e 02       		.byte	0x2
 580 016f 91       		.byte	0x91
 581 0170 74       		.sleb128 -12
 582 0171 08       		.uleb128 0x8
 583 0172 90000000 		.4byte	.LASF24
 584 0176 01       		.byte	0x1
 585 0177 C6       		.byte	0xc6
 586 0178 88000000 		.4byte	0x88
 587 017c 02       		.byte	0x2
 588 017d 91       		.byte	0x91
 589 017e 76       		.sleb128 -10
 590 017f 00       		.byte	0
 591 0180 07       		.uleb128 0x7
 592 0181 01       		.byte	0x1
 593 0182 CB010000 		.4byte	.LASF25
 594 0186 01       		.byte	0x1
 595 0187 FB       		.byte	0xfb
 596 0188 01       		.byte	0x1
 597 0189 00000000 		.4byte	.LFB5
 598 018d 34000000 		.4byte	.LFE5
 599 0191 00010000 		.4byte	.LLST5
 600 0195 01       		.byte	0x1
 601 0196 B7010000 		.4byte	0x1b7
 602 019a 0B       		.uleb128 0xb
 603 019b 00000000 		.4byte	.LASF27
 604 019f 01       		.byte	0x1
 605 01a0 FB       		.byte	0xfb
 606 01a1 93000000 		.4byte	0x93
 607 01a5 02       		.byte	0x2
 608 01a6 91       		.byte	0x91
 609 01a7 6E       		.sleb128 -18
 610 01a8 08       		.uleb128 0x8
 611 01a9 06000000 		.4byte	.LASF23
 612 01ad 01       		.byte	0x1
 613 01ae FF       		.byte	0xff
ARM GAS  C:\Users\BIOMIM~1\AppData\Local\Temp\ccgR3hMQ.s 			page 18


 614 01af 88000000 		.4byte	0x88
 615 01b3 02       		.byte	0x2
 616 01b4 91       		.byte	0x91
 617 01b5 76       		.sleb128 -10
 618 01b6 00       		.byte	0
 619 01b7 0C       		.uleb128 0xc
 620 01b8 01       		.byte	0x1
 621 01b9 4E020000 		.4byte	.LASF29
 622 01bd 01       		.byte	0x1
 623 01be 2F01     		.2byte	0x12f
 624 01c0 01       		.byte	0x1
 625 01c1 7D000000 		.4byte	0x7d
 626 01c5 00000000 		.4byte	.LFB6
 627 01c9 1E000000 		.4byte	.LFE6
 628 01cd 38010000 		.4byte	.LLST6
 629 01d1 01       		.byte	0x1
 630 01d2 0D       		.uleb128 0xd
 631 01d3 01       		.byte	0x1
 632 01d4 A8000000 		.4byte	.LASF26
 633 01d8 01       		.byte	0x1
 634 01d9 4501     		.2byte	0x145
 635 01db 01       		.byte	0x1
 636 01dc 00000000 		.4byte	.LFB7
 637 01e0 20000000 		.4byte	.LFE7
 638 01e4 64010000 		.4byte	.LLST7
 639 01e8 01       		.byte	0x1
 640 01e9 FD010000 		.4byte	0x1fd
 641 01ed 0E       		.uleb128 0xe
 642 01ee C6010000 		.4byte	.LASF28
 643 01f2 01       		.byte	0x1
 644 01f3 4501     		.2byte	0x145
 645 01f5 7D000000 		.4byte	0x7d
 646 01f9 02       		.byte	0x2
 647 01fa 91       		.byte	0x91
 648 01fb 77       		.sleb128 -9
 649 01fc 00       		.byte	0
 650 01fd 0C       		.uleb128 0xc
 651 01fe 01       		.byte	0x1
 652 01ff 0C000000 		.4byte	.LASF30
 653 0203 01       		.byte	0x1
 654 0204 6101     		.2byte	0x161
 655 0206 01       		.byte	0x1
 656 0207 7D000000 		.4byte	0x7d
 657 020b 00000000 		.4byte	.LFB8
 658 020f 1E000000 		.4byte	.LFE8
 659 0213 9C010000 		.4byte	.LLST8
 660 0217 01       		.byte	0x1
 661 0218 0F       		.uleb128 0xf
 662 0219 B4010000 		.4byte	.LASF35
 663 021d 01       		.byte	0x1
 664 021e 19       		.byte	0x19
 665 021f 7D000000 		.4byte	0x7d
 666 0223 01       		.byte	0x1
 667 0224 05       		.byte	0x5
 668 0225 03       		.byte	0x3
 669 0226 00000000 		.4byte	QuadDec_4_initVar
 670 022a 00       		.byte	0
ARM GAS  C:\Users\BIOMIM~1\AppData\Local\Temp\ccgR3hMQ.s 			page 19


 671              		.section	.debug_abbrev,"",%progbits
 672              	.Ldebug_abbrev0:
 673 0000 01       		.uleb128 0x1
 674 0001 11       		.uleb128 0x11
 675 0002 01       		.byte	0x1
 676 0003 25       		.uleb128 0x25
 677 0004 0E       		.uleb128 0xe
 678 0005 13       		.uleb128 0x13
 679 0006 0B       		.uleb128 0xb
 680 0007 03       		.uleb128 0x3
 681 0008 0E       		.uleb128 0xe
 682 0009 1B       		.uleb128 0x1b
 683 000a 0E       		.uleb128 0xe
 684 000b 55       		.uleb128 0x55
 685 000c 06       		.uleb128 0x6
 686 000d 11       		.uleb128 0x11
 687 000e 01       		.uleb128 0x1
 688 000f 52       		.uleb128 0x52
 689 0010 01       		.uleb128 0x1
 690 0011 10       		.uleb128 0x10
 691 0012 06       		.uleb128 0x6
 692 0013 00       		.byte	0
 693 0014 00       		.byte	0
 694 0015 02       		.uleb128 0x2
 695 0016 24       		.uleb128 0x24
 696 0017 00       		.byte	0
 697 0018 0B       		.uleb128 0xb
 698 0019 0B       		.uleb128 0xb
 699 001a 3E       		.uleb128 0x3e
 700 001b 0B       		.uleb128 0xb
 701 001c 03       		.uleb128 0x3
 702 001d 0E       		.uleb128 0xe
 703 001e 00       		.byte	0
 704 001f 00       		.byte	0
 705 0020 03       		.uleb128 0x3
 706 0021 24       		.uleb128 0x24
 707 0022 00       		.byte	0
 708 0023 0B       		.uleb128 0xb
 709 0024 0B       		.uleb128 0xb
 710 0025 3E       		.uleb128 0x3e
 711 0026 0B       		.uleb128 0xb
 712 0027 03       		.uleb128 0x3
 713 0028 08       		.uleb128 0x8
 714 0029 00       		.byte	0
 715 002a 00       		.byte	0
 716 002b 04       		.uleb128 0x4
 717 002c 16       		.uleb128 0x16
 718 002d 00       		.byte	0
 719 002e 03       		.uleb128 0x3
 720 002f 0E       		.uleb128 0xe
 721 0030 3A       		.uleb128 0x3a
 722 0031 0B       		.uleb128 0xb
 723 0032 3B       		.uleb128 0x3b
 724 0033 0B       		.uleb128 0xb
 725 0034 49       		.uleb128 0x49
 726 0035 13       		.uleb128 0x13
 727 0036 00       		.byte	0
ARM GAS  C:\Users\BIOMIM~1\AppData\Local\Temp\ccgR3hMQ.s 			page 20


 728 0037 00       		.byte	0
 729 0038 05       		.uleb128 0x5
 730 0039 35       		.uleb128 0x35
 731 003a 00       		.byte	0
 732 003b 49       		.uleb128 0x49
 733 003c 13       		.uleb128 0x13
 734 003d 00       		.byte	0
 735 003e 00       		.byte	0
 736 003f 06       		.uleb128 0x6
 737 0040 2E       		.uleb128 0x2e
 738 0041 00       		.byte	0
 739 0042 3F       		.uleb128 0x3f
 740 0043 0C       		.uleb128 0xc
 741 0044 03       		.uleb128 0x3
 742 0045 0E       		.uleb128 0xe
 743 0046 3A       		.uleb128 0x3a
 744 0047 0B       		.uleb128 0xb
 745 0048 3B       		.uleb128 0x3b
 746 0049 0B       		.uleb128 0xb
 747 004a 27       		.uleb128 0x27
 748 004b 0C       		.uleb128 0xc
 749 004c 11       		.uleb128 0x11
 750 004d 01       		.uleb128 0x1
 751 004e 12       		.uleb128 0x12
 752 004f 01       		.uleb128 0x1
 753 0050 40       		.uleb128 0x40
 754 0051 06       		.uleb128 0x6
 755 0052 9742     		.uleb128 0x2117
 756 0054 0C       		.uleb128 0xc
 757 0055 00       		.byte	0
 758 0056 00       		.byte	0
 759 0057 07       		.uleb128 0x7
 760 0058 2E       		.uleb128 0x2e
 761 0059 01       		.byte	0x1
 762 005a 3F       		.uleb128 0x3f
 763 005b 0C       		.uleb128 0xc
 764 005c 03       		.uleb128 0x3
 765 005d 0E       		.uleb128 0xe
 766 005e 3A       		.uleb128 0x3a
 767 005f 0B       		.uleb128 0xb
 768 0060 3B       		.uleb128 0x3b
 769 0061 0B       		.uleb128 0xb
 770 0062 27       		.uleb128 0x27
 771 0063 0C       		.uleb128 0xc
 772 0064 11       		.uleb128 0x11
 773 0065 01       		.uleb128 0x1
 774 0066 12       		.uleb128 0x12
 775 0067 01       		.uleb128 0x1
 776 0068 40       		.uleb128 0x40
 777 0069 06       		.uleb128 0x6
 778 006a 9642     		.uleb128 0x2116
 779 006c 0C       		.uleb128 0xc
 780 006d 01       		.uleb128 0x1
 781 006e 13       		.uleb128 0x13
 782 006f 00       		.byte	0
 783 0070 00       		.byte	0
 784 0071 08       		.uleb128 0x8
ARM GAS  C:\Users\BIOMIM~1\AppData\Local\Temp\ccgR3hMQ.s 			page 21


 785 0072 34       		.uleb128 0x34
 786 0073 00       		.byte	0
 787 0074 03       		.uleb128 0x3
 788 0075 0E       		.uleb128 0xe
 789 0076 3A       		.uleb128 0x3a
 790 0077 0B       		.uleb128 0xb
 791 0078 3B       		.uleb128 0x3b
 792 0079 0B       		.uleb128 0xb
 793 007a 49       		.uleb128 0x49
 794 007b 13       		.uleb128 0x13
 795 007c 02       		.uleb128 0x2
 796 007d 0A       		.uleb128 0xa
 797 007e 00       		.byte	0
 798 007f 00       		.byte	0
 799 0080 09       		.uleb128 0x9
 800 0081 2E       		.uleb128 0x2e
 801 0082 00       		.byte	0
 802 0083 3F       		.uleb128 0x3f
 803 0084 0C       		.uleb128 0xc
 804 0085 03       		.uleb128 0x3
 805 0086 0E       		.uleb128 0xe
 806 0087 3A       		.uleb128 0x3a
 807 0088 0B       		.uleb128 0xb
 808 0089 3B       		.uleb128 0x3b
 809 008a 0B       		.uleb128 0xb
 810 008b 27       		.uleb128 0x27
 811 008c 0C       		.uleb128 0xc
 812 008d 11       		.uleb128 0x11
 813 008e 01       		.uleb128 0x1
 814 008f 12       		.uleb128 0x12
 815 0090 01       		.uleb128 0x1
 816 0091 40       		.uleb128 0x40
 817 0092 06       		.uleb128 0x6
 818 0093 9642     		.uleb128 0x2116
 819 0095 0C       		.uleb128 0xc
 820 0096 00       		.byte	0
 821 0097 00       		.byte	0
 822 0098 0A       		.uleb128 0xa
 823 0099 2E       		.uleb128 0x2e
 824 009a 01       		.byte	0x1
 825 009b 3F       		.uleb128 0x3f
 826 009c 0C       		.uleb128 0xc
 827 009d 03       		.uleb128 0x3
 828 009e 0E       		.uleb128 0xe
 829 009f 3A       		.uleb128 0x3a
 830 00a0 0B       		.uleb128 0xb
 831 00a1 3B       		.uleb128 0x3b
 832 00a2 0B       		.uleb128 0xb
 833 00a3 27       		.uleb128 0x27
 834 00a4 0C       		.uleb128 0xc
 835 00a5 49       		.uleb128 0x49
 836 00a6 13       		.uleb128 0x13
 837 00a7 11       		.uleb128 0x11
 838 00a8 01       		.uleb128 0x1
 839 00a9 12       		.uleb128 0x12
 840 00aa 01       		.uleb128 0x1
 841 00ab 40       		.uleb128 0x40
ARM GAS  C:\Users\BIOMIM~1\AppData\Local\Temp\ccgR3hMQ.s 			page 22


 842 00ac 06       		.uleb128 0x6
 843 00ad 9642     		.uleb128 0x2116
 844 00af 0C       		.uleb128 0xc
 845 00b0 01       		.uleb128 0x1
 846 00b1 13       		.uleb128 0x13
 847 00b2 00       		.byte	0
 848 00b3 00       		.byte	0
 849 00b4 0B       		.uleb128 0xb
 850 00b5 05       		.uleb128 0x5
 851 00b6 00       		.byte	0
 852 00b7 03       		.uleb128 0x3
 853 00b8 0E       		.uleb128 0xe
 854 00b9 3A       		.uleb128 0x3a
 855 00ba 0B       		.uleb128 0xb
 856 00bb 3B       		.uleb128 0x3b
 857 00bc 0B       		.uleb128 0xb
 858 00bd 49       		.uleb128 0x49
 859 00be 13       		.uleb128 0x13
 860 00bf 02       		.uleb128 0x2
 861 00c0 0A       		.uleb128 0xa
 862 00c1 00       		.byte	0
 863 00c2 00       		.byte	0
 864 00c3 0C       		.uleb128 0xc
 865 00c4 2E       		.uleb128 0x2e
 866 00c5 00       		.byte	0
 867 00c6 3F       		.uleb128 0x3f
 868 00c7 0C       		.uleb128 0xc
 869 00c8 03       		.uleb128 0x3
 870 00c9 0E       		.uleb128 0xe
 871 00ca 3A       		.uleb128 0x3a
 872 00cb 0B       		.uleb128 0xb
 873 00cc 3B       		.uleb128 0x3b
 874 00cd 05       		.uleb128 0x5
 875 00ce 27       		.uleb128 0x27
 876 00cf 0C       		.uleb128 0xc
 877 00d0 49       		.uleb128 0x49
 878 00d1 13       		.uleb128 0x13
 879 00d2 11       		.uleb128 0x11
 880 00d3 01       		.uleb128 0x1
 881 00d4 12       		.uleb128 0x12
 882 00d5 01       		.uleb128 0x1
 883 00d6 40       		.uleb128 0x40
 884 00d7 06       		.uleb128 0x6
 885 00d8 9742     		.uleb128 0x2117
 886 00da 0C       		.uleb128 0xc
 887 00db 00       		.byte	0
 888 00dc 00       		.byte	0
 889 00dd 0D       		.uleb128 0xd
 890 00de 2E       		.uleb128 0x2e
 891 00df 01       		.byte	0x1
 892 00e0 3F       		.uleb128 0x3f
 893 00e1 0C       		.uleb128 0xc
 894 00e2 03       		.uleb128 0x3
 895 00e3 0E       		.uleb128 0xe
 896 00e4 3A       		.uleb128 0x3a
 897 00e5 0B       		.uleb128 0xb
 898 00e6 3B       		.uleb128 0x3b
ARM GAS  C:\Users\BIOMIM~1\AppData\Local\Temp\ccgR3hMQ.s 			page 23


 899 00e7 05       		.uleb128 0x5
 900 00e8 27       		.uleb128 0x27
 901 00e9 0C       		.uleb128 0xc
 902 00ea 11       		.uleb128 0x11
 903 00eb 01       		.uleb128 0x1
 904 00ec 12       		.uleb128 0x12
 905 00ed 01       		.uleb128 0x1
 906 00ee 40       		.uleb128 0x40
 907 00ef 06       		.uleb128 0x6
 908 00f0 9742     		.uleb128 0x2117
 909 00f2 0C       		.uleb128 0xc
 910 00f3 01       		.uleb128 0x1
 911 00f4 13       		.uleb128 0x13
 912 00f5 00       		.byte	0
 913 00f6 00       		.byte	0
 914 00f7 0E       		.uleb128 0xe
 915 00f8 05       		.uleb128 0x5
 916 00f9 00       		.byte	0
 917 00fa 03       		.uleb128 0x3
 918 00fb 0E       		.uleb128 0xe
 919 00fc 3A       		.uleb128 0x3a
 920 00fd 0B       		.uleb128 0xb
 921 00fe 3B       		.uleb128 0x3b
 922 00ff 05       		.uleb128 0x5
 923 0100 49       		.uleb128 0x49
 924 0101 13       		.uleb128 0x13
 925 0102 02       		.uleb128 0x2
 926 0103 0A       		.uleb128 0xa
 927 0104 00       		.byte	0
 928 0105 00       		.byte	0
 929 0106 0F       		.uleb128 0xf
 930 0107 34       		.uleb128 0x34
 931 0108 00       		.byte	0
 932 0109 03       		.uleb128 0x3
 933 010a 0E       		.uleb128 0xe
 934 010b 3A       		.uleb128 0x3a
 935 010c 0B       		.uleb128 0xb
 936 010d 3B       		.uleb128 0x3b
 937 010e 0B       		.uleb128 0xb
 938 010f 49       		.uleb128 0x49
 939 0110 13       		.uleb128 0x13
 940 0111 3F       		.uleb128 0x3f
 941 0112 0C       		.uleb128 0xc
 942 0113 02       		.uleb128 0x2
 943 0114 0A       		.uleb128 0xa
 944 0115 00       		.byte	0
 945 0116 00       		.byte	0
 946 0117 00       		.byte	0
 947              		.section	.debug_loc,"",%progbits
 948              	.Ldebug_loc0:
 949              	.LLST0:
 950 0000 00000000 		.4byte	.LFB0
 951 0004 02000000 		.4byte	.LCFI0
 952 0008 0200     		.2byte	0x2
 953 000a 7D       		.byte	0x7d
 954 000b 00       		.sleb128 0
 955 000c 02000000 		.4byte	.LCFI0
ARM GAS  C:\Users\BIOMIM~1\AppData\Local\Temp\ccgR3hMQ.s 			page 24


 956 0010 04000000 		.4byte	.LCFI1
 957 0014 0200     		.2byte	0x2
 958 0016 7D       		.byte	0x7d
 959 0017 04       		.sleb128 4
 960 0018 04000000 		.4byte	.LCFI1
 961 001c 0A000000 		.4byte	.LFE0
 962 0020 0200     		.2byte	0x2
 963 0022 77       		.byte	0x77
 964 0023 04       		.sleb128 4
 965 0024 00000000 		.4byte	0
 966 0028 00000000 		.4byte	0
 967              	.LLST1:
 968 002c 00000000 		.4byte	.LFB1
 969 0030 02000000 		.4byte	.LCFI2
 970 0034 0200     		.2byte	0x2
 971 0036 7D       		.byte	0x7d
 972 0037 00       		.sleb128 0
 973 0038 02000000 		.4byte	.LCFI2
 974 003c 04000000 		.4byte	.LCFI3
 975 0040 0200     		.2byte	0x2
 976 0042 7D       		.byte	0x7d
 977 0043 08       		.sleb128 8
 978 0044 04000000 		.4byte	.LCFI3
 979 0048 06000000 		.4byte	.LCFI4
 980 004c 0200     		.2byte	0x2
 981 004e 7D       		.byte	0x7d
 982 004f 10       		.sleb128 16
 983 0050 06000000 		.4byte	.LCFI4
 984 0054 42000000 		.4byte	.LFE1
 985 0058 0200     		.2byte	0x2
 986 005a 77       		.byte	0x77
 987 005b 10       		.sleb128 16
 988 005c 00000000 		.4byte	0
 989 0060 00000000 		.4byte	0
 990              	.LLST2:
 991 0064 00000000 		.4byte	.LFB2
 992 0068 02000000 		.4byte	.LCFI5
 993 006c 0200     		.2byte	0x2
 994 006e 7D       		.byte	0x7d
 995 006f 00       		.sleb128 0
 996 0070 02000000 		.4byte	.LCFI5
 997 0074 04000000 		.4byte	.LCFI6
 998 0078 0200     		.2byte	0x2
 999 007a 7D       		.byte	0x7d
 1000 007b 08       		.sleb128 8
 1001 007c 04000000 		.4byte	.LCFI6
 1002 0080 36000000 		.4byte	.LFE2
 1003 0084 0200     		.2byte	0x2
 1004 0086 77       		.byte	0x77
 1005 0087 08       		.sleb128 8
 1006 0088 00000000 		.4byte	0
 1007 008c 00000000 		.4byte	0
 1008              	.LLST3:
 1009 0090 00000000 		.4byte	.LFB3
 1010 0094 02000000 		.4byte	.LCFI7
 1011 0098 0200     		.2byte	0x2
 1012 009a 7D       		.byte	0x7d
ARM GAS  C:\Users\BIOMIM~1\AppData\Local\Temp\ccgR3hMQ.s 			page 25


 1013 009b 00       		.sleb128 0
 1014 009c 02000000 		.4byte	.LCFI7
 1015 00a0 04000000 		.4byte	.LCFI8
 1016 00a4 0200     		.2byte	0x2
 1017 00a6 7D       		.byte	0x7d
 1018 00a7 08       		.sleb128 8
 1019 00a8 04000000 		.4byte	.LCFI8
 1020 00ac 06000000 		.4byte	.LCFI9
 1021 00b0 0200     		.2byte	0x2
 1022 00b2 7D       		.byte	0x7d
 1023 00b3 10       		.sleb128 16
 1024 00b4 06000000 		.4byte	.LCFI9
 1025 00b8 3E000000 		.4byte	.LFE3
 1026 00bc 0200     		.2byte	0x2
 1027 00be 77       		.byte	0x77
 1028 00bf 10       		.sleb128 16
 1029 00c0 00000000 		.4byte	0
 1030 00c4 00000000 		.4byte	0
 1031              	.LLST4:
 1032 00c8 00000000 		.4byte	.LFB4
 1033 00cc 02000000 		.4byte	.LCFI10
 1034 00d0 0200     		.2byte	0x2
 1035 00d2 7D       		.byte	0x7d
 1036 00d3 00       		.sleb128 0
 1037 00d4 02000000 		.4byte	.LCFI10
 1038 00d8 04000000 		.4byte	.LCFI11
 1039 00dc 0200     		.2byte	0x2
 1040 00de 7D       		.byte	0x7d
 1041 00df 08       		.sleb128 8
 1042 00e0 04000000 		.4byte	.LCFI11
 1043 00e4 06000000 		.4byte	.LCFI12
 1044 00e8 0200     		.2byte	0x2
 1045 00ea 7D       		.byte	0x7d
 1046 00eb 10       		.sleb128 16
 1047 00ec 06000000 		.4byte	.LCFI12
 1048 00f0 26000000 		.4byte	.LFE4
 1049 00f4 0200     		.2byte	0x2
 1050 00f6 77       		.byte	0x77
 1051 00f7 10       		.sleb128 16
 1052 00f8 00000000 		.4byte	0
 1053 00fc 00000000 		.4byte	0
 1054              	.LLST5:
 1055 0100 00000000 		.4byte	.LFB5
 1056 0104 02000000 		.4byte	.LCFI13
 1057 0108 0200     		.2byte	0x2
 1058 010a 7D       		.byte	0x7d
 1059 010b 00       		.sleb128 0
 1060 010c 02000000 		.4byte	.LCFI13
 1061 0110 04000000 		.4byte	.LCFI14
 1062 0114 0200     		.2byte	0x2
 1063 0116 7D       		.byte	0x7d
 1064 0117 08       		.sleb128 8
 1065 0118 04000000 		.4byte	.LCFI14
 1066 011c 06000000 		.4byte	.LCFI15
 1067 0120 0200     		.2byte	0x2
 1068 0122 7D       		.byte	0x7d
 1069 0123 18       		.sleb128 24
ARM GAS  C:\Users\BIOMIM~1\AppData\Local\Temp\ccgR3hMQ.s 			page 26


 1070 0124 06000000 		.4byte	.LCFI15
 1071 0128 34000000 		.4byte	.LFE5
 1072 012c 0200     		.2byte	0x2
 1073 012e 77       		.byte	0x77
 1074 012f 18       		.sleb128 24
 1075 0130 00000000 		.4byte	0
 1076 0134 00000000 		.4byte	0
 1077              	.LLST6:
 1078 0138 00000000 		.4byte	.LFB6
 1079 013c 02000000 		.4byte	.LCFI16
 1080 0140 0200     		.2byte	0x2
 1081 0142 7D       		.byte	0x7d
 1082 0143 00       		.sleb128 0
 1083 0144 02000000 		.4byte	.LCFI16
 1084 0148 04000000 		.4byte	.LCFI17
 1085 014c 0200     		.2byte	0x2
 1086 014e 7D       		.byte	0x7d
 1087 014f 04       		.sleb128 4
 1088 0150 04000000 		.4byte	.LCFI17
 1089 0154 1E000000 		.4byte	.LFE6
 1090 0158 0200     		.2byte	0x2
 1091 015a 77       		.byte	0x77
 1092 015b 04       		.sleb128 4
 1093 015c 00000000 		.4byte	0
 1094 0160 00000000 		.4byte	0
 1095              	.LLST7:
 1096 0164 00000000 		.4byte	.LFB7
 1097 0168 02000000 		.4byte	.LCFI18
 1098 016c 0200     		.2byte	0x2
 1099 016e 7D       		.byte	0x7d
 1100 016f 00       		.sleb128 0
 1101 0170 02000000 		.4byte	.LCFI18
 1102 0174 04000000 		.4byte	.LCFI19
 1103 0178 0200     		.2byte	0x2
 1104 017a 7D       		.byte	0x7d
 1105 017b 04       		.sleb128 4
 1106 017c 04000000 		.4byte	.LCFI19
 1107 0180 06000000 		.4byte	.LCFI20
 1108 0184 0200     		.2byte	0x2
 1109 0186 7D       		.byte	0x7d
 1110 0187 10       		.sleb128 16
 1111 0188 06000000 		.4byte	.LCFI20
 1112 018c 20000000 		.4byte	.LFE7
 1113 0190 0200     		.2byte	0x2
 1114 0192 77       		.byte	0x77
 1115 0193 10       		.sleb128 16
 1116 0194 00000000 		.4byte	0
 1117 0198 00000000 		.4byte	0
 1118              	.LLST8:
 1119 019c 00000000 		.4byte	.LFB8
 1120 01a0 02000000 		.4byte	.LCFI21
 1121 01a4 0200     		.2byte	0x2
 1122 01a6 7D       		.byte	0x7d
 1123 01a7 00       		.sleb128 0
 1124 01a8 02000000 		.4byte	.LCFI21
 1125 01ac 04000000 		.4byte	.LCFI22
 1126 01b0 0200     		.2byte	0x2
ARM GAS  C:\Users\BIOMIM~1\AppData\Local\Temp\ccgR3hMQ.s 			page 27


 1127 01b2 7D       		.byte	0x7d
 1128 01b3 04       		.sleb128 4
 1129 01b4 04000000 		.4byte	.LCFI22
 1130 01b8 1E000000 		.4byte	.LFE8
 1131 01bc 0200     		.2byte	0x2
 1132 01be 77       		.byte	0x77
 1133 01bf 04       		.sleb128 4
 1134 01c0 00000000 		.4byte	0
 1135 01c4 00000000 		.4byte	0
 1136              		.section	.debug_aranges,"",%progbits
 1137 0000 5C000000 		.4byte	0x5c
 1138 0004 0200     		.2byte	0x2
 1139 0006 00000000 		.4byte	.Ldebug_info0
 1140 000a 04       		.byte	0x4
 1141 000b 00       		.byte	0
 1142 000c 0000     		.2byte	0
 1143 000e 0000     		.2byte	0
 1144 0010 00000000 		.4byte	.LFB0
 1145 0014 0A000000 		.4byte	.LFE0-.LFB0
 1146 0018 00000000 		.4byte	.LFB1
 1147 001c 42000000 		.4byte	.LFE1-.LFB1
 1148 0020 00000000 		.4byte	.LFB2
 1149 0024 36000000 		.4byte	.LFE2-.LFB2
 1150 0028 00000000 		.4byte	.LFB3
 1151 002c 3E000000 		.4byte	.LFE3-.LFB3
 1152 0030 00000000 		.4byte	.LFB4
 1153 0034 26000000 		.4byte	.LFE4-.LFB4
 1154 0038 00000000 		.4byte	.LFB5
 1155 003c 34000000 		.4byte	.LFE5-.LFB5
 1156 0040 00000000 		.4byte	.LFB6
 1157 0044 1E000000 		.4byte	.LFE6-.LFB6
 1158 0048 00000000 		.4byte	.LFB7
 1159 004c 20000000 		.4byte	.LFE7-.LFB7
 1160 0050 00000000 		.4byte	.LFB8
 1161 0054 1E000000 		.4byte	.LFE8-.LFB8
 1162 0058 00000000 		.4byte	0
 1163 005c 00000000 		.4byte	0
 1164              		.section	.debug_ranges,"",%progbits
 1165              	.Ldebug_ranges0:
 1166 0000 00000000 		.4byte	.LFB0
 1167 0004 0A000000 		.4byte	.LFE0
 1168 0008 00000000 		.4byte	.LFB1
 1169 000c 42000000 		.4byte	.LFE1
 1170 0010 00000000 		.4byte	.LFB2
 1171 0014 36000000 		.4byte	.LFE2
 1172 0018 00000000 		.4byte	.LFB3
 1173 001c 3E000000 		.4byte	.LFE3
 1174 0020 00000000 		.4byte	.LFB4
 1175 0024 26000000 		.4byte	.LFE4
 1176 0028 00000000 		.4byte	.LFB5
 1177 002c 34000000 		.4byte	.LFE5
 1178 0030 00000000 		.4byte	.LFB6
 1179 0034 1E000000 		.4byte	.LFE6
 1180 0038 00000000 		.4byte	.LFB7
 1181 003c 20000000 		.4byte	.LFE7
 1182 0040 00000000 		.4byte	.LFB8
 1183 0044 1E000000 		.4byte	.LFE8
ARM GAS  C:\Users\BIOMIM~1\AppData\Local\Temp\ccgR3hMQ.s 			page 28


 1184 0048 00000000 		.4byte	0
 1185 004c 00000000 		.4byte	0
 1186              		.section	.debug_line,"",%progbits
 1187              	.Ldebug_line0:
 1188 0000 06010000 		.section	.debug_str,"MS",%progbits,1
 1188      02004800 
 1188      00000201 
 1188      FB0E0D00 
 1188      01010101 
 1189              	.LASF27:
 1190 0000 76616C75 		.ascii	"value\000"
 1190      6500
 1191              	.LASF23:
 1192 0006 636F756E 		.ascii	"count\000"
 1192      7400
 1193              	.LASF30:
 1194 000c 51756164 		.ascii	"QuadDec_4_GetInterruptMask\000"
 1194      4465635F 
 1194      345F4765 
 1194      74496E74 
 1194      65727275 
 1195              	.LASF3:
 1196 0027 73686F72 		.ascii	"short unsigned int\000"
 1196      7420756E 
 1196      7369676E 
 1196      65642069 
 1196      6E7400
 1197              	.LASF21:
 1198 003a 51756164 		.ascii	"QuadDec_4_Stop\000"
 1198      4465635F 
 1198      345F5374 
 1198      6F7000
 1199              	.LASF15:
 1200 0049 666C6F61 		.ascii	"float\000"
 1200      7400
 1201              	.LASF19:
 1202 004f 51756164 		.ascii	"QuadDec_4_Start\000"
 1202      4465635F 
 1202      345F5374 
 1202      61727400 
 1203              	.LASF1:
 1204 005f 756E7369 		.ascii	"unsigned char\000"
 1204      676E6564 
 1204      20636861 
 1204      7200
 1205              	.LASF17:
 1206 006d 72656738 		.ascii	"reg8\000"
 1206      00
 1207              	.LASF13:
 1208 0072 696E7431 		.ascii	"int16\000"
 1208      3600
 1209              	.LASF9:
 1210 0078 6C6F6E67 		.ascii	"long unsigned int\000"
 1210      20756E73 
 1210      69676E65 
 1210      6420696E 
 1210      7400
ARM GAS  C:\Users\BIOMIM~1\AppData\Local\Temp\ccgR3hMQ.s 			page 29


 1211              	.LASF14:
 1212 008a 696E7433 		.ascii	"int32\000"
 1212      3200
 1213              	.LASF24:
 1214 0090 746D7043 		.ascii	"tmpCnt\000"
 1214      6E7400
 1215              	.LASF22:
 1216 0097 656E6162 		.ascii	"enableInterrupts\000"
 1216      6C65496E 
 1216      74657272 
 1216      75707473 
 1216      00
 1217              	.LASF26:
 1218 00a8 51756164 		.ascii	"QuadDec_4_SetInterruptMask\000"
 1218      4465635F 
 1218      345F5365 
 1218      74496E74 
 1218      65727275 
 1219              	.LASF16:
 1220 00c3 646F7562 		.ascii	"double\000"
 1220      6C6500
 1221              	.LASF34:
 1222 00ca 51756164 		.ascii	"QuadDec_4_GetCounter\000"
 1222      4465635F 
 1222      345F4765 
 1222      74436F75 
 1222      6E746572 
 1223              	.LASF2:
 1224 00df 73686F72 		.ascii	"short int\000"
 1224      7420696E 
 1224      7400
 1225              	.LASF33:
 1226 00e9 433A5C55 		.ascii	"C:\\Users\\biomimetics\\Dropbox\\SMC\\PSoC\\PSoC 5\\"
 1226      73657273 
 1226      5C62696F 
 1226      6D696D65 
 1226      74696373 
 1227 0116 46726F67 		.ascii	"Frog Leg Jacobian Bi-Ped\\Design02.cydsn\000"
 1227      204C6567 
 1227      204A6163 
 1227      6F626961 
 1227      6E204269 
 1228              	.LASF12:
 1229 013e 75696E74 		.ascii	"uint16\000"
 1229      313600
 1230              	.LASF4:
 1231 0145 756E7369 		.ascii	"unsigned int\000"
 1231      676E6564 
 1231      20696E74 
 1231      00
 1232              	.LASF6:
 1233 0152 6C6F6E67 		.ascii	"long long unsigned int\000"
 1233      206C6F6E 
 1233      6720756E 
 1233      7369676E 
 1233      65642069 
 1234              	.LASF18:
ARM GAS  C:\Users\BIOMIM~1\AppData\Local\Temp\ccgR3hMQ.s 			page 30


 1235 0169 51756164 		.ascii	"QuadDec_4_Init\000"
 1235      4465635F 
 1235      345F496E 
 1235      697400
 1236              	.LASF8:
 1237 0178 73697A65 		.ascii	"sizetype\000"
 1237      74797065 
 1237      00
 1238              	.LASF5:
 1239 0181 6C6F6E67 		.ascii	"long long int\000"
 1239      206C6F6E 
 1239      6720696E 
 1239      7400
 1240              	.LASF32:
 1241 018f 2E5C4765 		.ascii	".\\Generated_Source\\PSoC5\\QuadDec_4.c\000"
 1241      6E657261 
 1241      7465645F 
 1241      536F7572 
 1241      63655C50 
 1242              	.LASF35:
 1243 01b4 51756164 		.ascii	"QuadDec_4_initVar\000"
 1243      4465635F 
 1243      345F696E 
 1243      69745661 
 1243      7200
 1244              	.LASF28:
 1245 01c6 6D61736B 		.ascii	"mask\000"
 1245      00
 1246              	.LASF25:
 1247 01cb 51756164 		.ascii	"QuadDec_4_SetCounter\000"
 1247      4465635F 
 1247      345F5365 
 1247      74436F75 
 1247      6E746572 
 1248              	.LASF11:
 1249 01e0 75696E74 		.ascii	"uint8\000"
 1249      3800
 1250              	.LASF31:
 1251 01e6 474E5520 		.ascii	"GNU C 4.7.3 20130312 (release) [ARM/embedded-4_7-br"
 1251      4320342E 
 1251      372E3320 
 1251      32303133 
 1251      30333132 
 1252 0219 616E6368 		.ascii	"anch revision 196615]\000"
 1252      20726576 
 1252      6973696F 
 1252      6E203139 
 1252      36363135 
 1253              	.LASF20:
 1254 022f 51756164 		.ascii	"QuadDec_4_Enable\000"
 1254      4465635F 
 1254      345F456E 
 1254      61626C65 
 1254      00
 1255              	.LASF7:
 1256 0240 6C6F6E67 		.ascii	"long int\000"
 1256      20696E74 
ARM GAS  C:\Users\BIOMIM~1\AppData\Local\Temp\ccgR3hMQ.s 			page 31


 1256      00
 1257              	.LASF10:
 1258 0249 63686172 		.ascii	"char\000"
 1258      00
 1259              	.LASF29:
 1260 024e 51756164 		.ascii	"QuadDec_4_GetEvents\000"
 1260      4465635F 
 1260      345F4765 
 1260      74457665 
 1260      6E747300 
 1261              	.LASF0:
 1262 0262 7369676E 		.ascii	"signed char\000"
 1262      65642063 
 1262      68617200 
 1263              		.ident	"GCC: (GNU Tools for ARM Embedded Processors) 4.7.3 20130312 (release) [ARM/embedded-4_7-br
