#***************************************************************************

#sjplacer

#Version:            1.1

#Build Date:         Mar 26 2013 14:54:34

#File Generated:     Feb 18 2015 20:05:00

#Purpose:            

#Copyright (C) 2010-2011 by Softjin Technologies Pvt Ltd. All rights reserved.

#***************************************************************************

Executing : C:\Program Files (x86)\Cypress\PSoC Creator\3.0\PSoC Creator\bin/sjplacer.exe --proj-name Design02 --netlist-vh2 Design02_p.vh2 --arch-file C:\Program Files (x86)\Cypress\PSoC Creator\3.0\PSoC Creator\dev/psoc3/placer.ark --rrg-file C:\Program Files (x86)\Cypress\PSoC Creator\3.0\PSoC Creator\dev/psoc5/psoc5lp/route_arch-rrg.cydata --irq-file C:\Program Files (x86)\Cypress\PSoC Creator\3.0\PSoC Creator\dev/psoc5/psoc5lp/irqconn.cydata --drq-file C:\Program Files (x86)\Cypress\PSoC Creator\3.0\PSoC Creator\dev/psoc5/psoc5lp/dmaconn.cydata --dsi-conn-file C:\Program Files (x86)\Cypress\PSoC Creator\3.0\PSoC Creator\dev/psoc5/psoc5lp/dsiconn.cydata --pins-file pins_100-TQFP.xml --lib-file Design02_p.lib --sdc-file Design02.sdc --io-pcf Design02.pci --outdir .

		Softjin Techologies Placer, Version 1.1

Build Date : Jul 22 2013	11:20:09

D2004: Option and Settings Summary
=============================================================
Netlist vh2 file          - Design02_p.vh2
Architecture file         - C:\Program Files (x86)\Cypress\PSoC Creator\3.0\PSoC Creator\dev/psoc3/placer.ark
Package                   - 
Defparam file             - 
SDC file                  - Design02.sdc
Output directory          - .
Timing library            - Design02_p.lib
IO Placement file         - Design02.pci

D2050: Starting reading inputs for placer
=============================================================
D2065: Reading netlist file : "Design02_p.vh2"
D2065: Reading arch file : "C:\Program Files (x86)\Cypress\PSoC Creator\3.0\PSoC Creator\dev/psoc3/placer.ark"
D2051: Reading of inputs for placer completed successfully

D2053: Starting placement of the design
=============================================================

Phase 2
Phase 3

Design Statistics after Packing
    Number of Combinational MCs 	:	65
    Number of Sequential MCs    	:	110
    Number of DPs               	:	24
    Number of Controls          	:	14
    Number of Status            	:	13
    Number of SyncCells         	:	18
    Number of count7cells       	:	2

Device Utilization Summary after Packing
    Macrocells                  :	175/192
    UDBS                        :	24/24
    IOs                         :	47/72


D2088: Phase 3, elapsed time : 0.3 (sec)

Phase 4
D2088: Phase 4, elapsed time : 0.0 (sec)

Phase 5
D2088: Phase 5, elapsed time : 0.0 (sec)

Phase 6

######################################################################
Placement Timing Summary

The timing summary is based on estimated routing delays after
placement. For final timing report, please carry out the timing
analysis after routing.
======================================================================

######################################################################
                     Clock Summary 
======================================================================
Number of clocks: 14
Clock: Clock_1              | Frequency:  28.9 MHz | Target:  52.0 MHz
Clock: Clock_2              | Frequency:  41.7 MHz | Target:  26.0 MHz
Clock: Clock_2(fixed-function) | Frequency: N/A       | Target:  26.0 MHz
Clock: Clock_4              | Frequency: N/A       | Target:   1.0 MHz
Clock: Clock_4(fixed-function) | Frequency: N/A       | Target:   1.0 MHz
Clock: Clock_5              | Frequency: N/A       | Target:   0.1 MHz
Clock: Clock_5(fixed-function) | Frequency: N/A       | Target:   0.1 MHz
Clock: CyBUS_CLK            | Frequency:  28.9 MHz | Target:  52.0 MHz
Clock: CyILO                | Frequency: N/A       | Target:   0.0 MHz
Clock: CyIMO                | Frequency: N/A       | Target:   3.0 MHz
Clock: CyMASTER_CLK         | Frequency: N/A       | Target:  52.0 MHz
Clock: CyPLL_OUT            | Frequency: N/A       | Target:  52.0 MHz
Clock: UART_1_IntClock      | Frequency:  36.2 MHz | Target:   7.4 MHz
Clock: UART_2_IntClock      | Frequency:  43.4 MHz | Target:   7.4 MHz

======================================================================
                     End of Clock Summary
######################################################################

D2088: Phase 6, elapsed time : 1.4 (sec)

Phase 7
######################################################################
                     Clock Summary 
======================================================================
Number of clocks: 14
Clock: Clock_1              | Frequency:  30.3 MHz | Target:  52.0 MHz
Clock: Clock_2              | Frequency:  41.7 MHz | Target:  26.0 MHz
Clock: Clock_2(fixed-function) | Frequency: N/A       | Target:  26.0 MHz
Clock: Clock_4              | Frequency: N/A       | Target:   1.0 MHz
Clock: Clock_4(fixed-function) | Frequency: N/A       | Target:   1.0 MHz
Clock: Clock_5              | Frequency: N/A       | Target:   0.1 MHz
Clock: Clock_5(fixed-function) | Frequency: N/A       | Target:   0.1 MHz
Clock: CyBUS_CLK            | Frequency:  30.3 MHz | Target:  52.0 MHz
Clock: CyILO                | Frequency: N/A       | Target:   0.0 MHz
Clock: CyIMO                | Frequency: N/A       | Target:   3.0 MHz
Clock: CyMASTER_CLK         | Frequency: N/A       | Target:  52.0 MHz
Clock: CyPLL_OUT            | Frequency: N/A       | Target:  52.0 MHz
Clock: UART_1_IntClock      | Frequency:  36.2 MHz | Target:   7.4 MHz
Clock: UART_2_IntClock      | Frequency:  44.6 MHz | Target:   7.4 MHz

======================================================================
                     End of Clock Summary
######################################################################
D2088: Phase 7, elapsed time : 13.2 (sec)

Final Design Statistics
    Number of Combinational MCs 	:	65
    Number of Sequential MCs    	:	110
    Number of DPs               	:	24
    Number of Controls          	:	14
    Number of Status            	:	13
    Number of SyncCells         	:	18
    Number of count7cells       	:	2
    Number of IOs       	:	47

Device Utilization Summary
    Macrocells                  :	175/192
    IOs                         :	47/72



######################################################################
Placement Timing Summary

The timing summary is based on estimated routing delays after
placement. For final timing report, please carry out the timing
analysis after routing.
======================================================================


######################################################################
                     Clock Summary 
======================================================================
Number of clocks: 14
Clock: Clock_1              | Frequency:  32.6 MHz | Target:  52.0 MHz
Clock: Clock_2              | Frequency:  41.7 MHz | Target:  26.0 MHz
Clock: Clock_2(fixed-function) | Frequency: N/A       | Target:  26.0 MHz
Clock: Clock_4              | Frequency: N/A       | Target:   1.0 MHz
Clock: Clock_4(fixed-function) | Frequency: N/A       | Target:   1.0 MHz
Clock: Clock_5              | Frequency: N/A       | Target:   0.1 MHz
Clock: Clock_5(fixed-function) | Frequency: N/A       | Target:   0.1 MHz
Clock: CyBUS_CLK            | Frequency:  33.2 MHz | Target:  52.0 MHz
Clock: CyILO                | Frequency: N/A       | Target:   0.0 MHz
Clock: CyIMO                | Frequency: N/A       | Target:   3.0 MHz
Clock: CyMASTER_CLK         | Frequency: N/A       | Target:  52.0 MHz
Clock: CyPLL_OUT            | Frequency: N/A       | Target:  52.0 MHz
Clock: UART_1_IntClock      | Frequency:  41.3 MHz | Target:   7.4 MHz
Clock: UART_2_IntClock      | Frequency:  56.8 MHz | Target:   7.4 MHz

======================================================================
                     End of Clock Summary
######################################################################

Phase 8
D2088: Phase 8, elapsed time : 0.0 (sec)

D2054: Placement of the design completed successfully

I2076: Total run-time: 20.5 sec.

